2025-03-14 19:53:05.190 [info] [main] Log level: Info
2025-03-14 19:53:05.190 [info] [main] Validating found git in: "git"
2025-03-14 19:53:05.190 [info] [main] Using git "2.48.1" from "git"
2025-03-14 19:53:05.190 [info] [Model][doInitialScan] Initial repository scan started
2025-03-14 19:53:05.190 [info] > git rev-parse --show-toplevel [5ms]
2025-03-14 19:53:05.190 [info] fatal: not a git repository (or any of the parent directories): .git
2025-03-14 19:53:05.190 [info] > git rev-parse --show-toplevel [177ms]
2025-03-14 19:53:05.190 [info] fatal: not a git repository (or any of the parent directories): .git
2025-03-14 19:53:05.220 [info] > git rev-parse --show-toplevel [21ms]
2025-03-14 19:53:05.220 [info] fatal: not a git repository (or any of the parent directories): .git
2025-03-14 19:53:05.226 [info] > git rev-parse --show-toplevel [1ms]
2025-03-14 19:53:05.226 [info] fatal: not a git repository (or any of the parent directories): .git
2025-03-14 19:53:05.230 [info] > git rev-parse --show-toplevel [1ms]
2025-03-14 19:53:05.230 [info] fatal: not a git repository (or any of the parent directories): .git
2025-03-14 19:53:05.233 [info] > git rev-parse --show-toplevel [1ms]
2025-03-14 19:53:05.233 [info] fatal: not a git repository (or any of the parent directories): .git
2025-03-14 19:53:05.238 [info] > git rev-parse --show-toplevel [1ms]
2025-03-14 19:53:05.238 [info] fatal: not a git repository (or any of the parent directories): .git
2025-03-14 19:53:05.242 [info] > git rev-parse --show-toplevel [1ms]
2025-03-14 19:53:05.242 [info] fatal: not a git repository (or any of the parent directories): .git
2025-03-14 19:53:05.242 [info] [Model][doInitialScan] Initial repository scan completed - repositories (0), closed repositories (0), parent repositories (0), unsafe repositories (0)
2025-03-14 19:53:05.246 [info] > git rev-parse --show-toplevel [1ms]
2025-03-14 19:53:05.246 [info] fatal: not a git repository (or any of the parent directories): .git
2025-03-14 19:53:07.298 [info] > git rev-parse --show-toplevel [2ms]
2025-03-14 19:53:07.298 [info] fatal: not a git repository (or any of the parent directories): .git
2025-03-14 20:00:26.575 [info] > git rev-parse --show-toplevel [1ms]
2025-03-14 20:00:26.575 [info] fatal: not a git repository (or any of the parent directories): .git
2025-03-14 20:00:26.579 [info] > git rev-parse --show-toplevel [1ms]
2025-03-14 20:00:26.579 [info] fatal: not a git repository (or any of the parent directories): .git
2025-03-14 20:01:43.365 [info] > git rev-parse --show-toplevel [1ms]
2025-03-14 20:01:43.365 [info] fatal: not a git repository (or any of the parent directories): .git
2025-03-14 20:45:07.543 [info] > git rev-parse --show-toplevel [1ms]
2025-03-14 20:45:07.543 [info] fatal: not a git repository (or any of the parent directories): .git
2025-03-14 20:45:07.548 [info] > git rev-parse --show-toplevel [1ms]
2025-03-14 20:45:07.548 [info] fatal: not a git repository (or any of the parent directories): .git
2025-03-14 20:45:21.660 [info] > git rev-parse --show-toplevel [2ms]
2025-03-14 20:45:21.660 [info] fatal: not a git repository (or any of the parent directories): .git
2025-03-14 20:46:57.978 [info] > git rev-parse --show-toplevel [1ms]
2025-03-14 20:46:57.978 [info] fatal: not a git repository (or any of the parent directories): .git
2025-03-14 20:46:57.984 [info] > git rev-parse --show-toplevel [1ms]
2025-03-14 20:46:57.984 [info] fatal: not a git repository (or any of the parent directories): .git
2025-03-14 20:48:47.986 [info] > git rev-parse --show-toplevel [1ms]
2025-03-14 20:48:47.986 [info] fatal: not a git repository (or any of the parent directories): .git
2025-03-14 20:56:02.464 [info] > git rev-parse --show-toplevel [1ms]
2025-03-14 20:56:02.464 [info] fatal: not a git repository (or any of the parent directories): .git
2025-03-14 20:56:02.470 [info] > git rev-parse --show-toplevel [1ms]
2025-03-14 20:56:02.470 [info] fatal: not a git repository (or any of the parent directories): .git
2025-03-14 21:00:11.364 [info] > git rev-parse --show-toplevel [2ms]
2025-03-14 21:00:11.364 [info] fatal: not a git repository (or any of the parent directories): .git
