2025-03-17 13:41:27.201 [info] [main] Log level: Info
2025-03-17 13:41:27.201 [info] [main] Validating found git in: "git"
2025-03-17 13:41:27.201 [info] [main] Using git "2.49.0" from "git"
2025-03-17 13:41:27.201 [info] [Model][doInitialScan] Initial repository scan started
2025-03-17 13:41:27.201 [info] > git rev-parse --show-toplevel [97ms]
2025-03-17 13:41:27.201 [info] fatal: not a git repository (or any of the parent directories): .git
2025-03-17 13:41:27.201 [info] > git rev-parse --show-toplevel [3ms]
2025-03-17 13:41:27.201 [info] fatal: not a git repository (or any of the parent directories): .git
2025-03-17 13:41:27.205 [info] > git rev-parse --show-toplevel [1ms]
2025-03-17 13:41:27.205 [info] fatal: not a git repository (or any of the parent directories): .git
2025-03-17 13:41:27.209 [info] > git rev-parse --show-toplevel [1ms]
2025-03-17 13:41:27.209 [info] fatal: not a git repository (or any of the parent directories): .git
2025-03-17 13:41:27.213 [info] > git rev-parse --show-toplevel [0ms]
2025-03-17 13:41:27.213 [info] fatal: not a git repository (or any of the parent directories): .git
2025-03-17 13:41:27.217 [info] > git rev-parse --show-toplevel [0ms]
2025-03-17 13:41:27.217 [info] fatal: not a git repository (or any of the parent directories): .git
2025-03-17 13:41:27.220 [info] > git rev-parse --show-toplevel [1ms]
2025-03-17 13:41:27.220 [info] fatal: not a git repository (or any of the parent directories): .git
2025-03-17 13:41:27.223 [info] > git rev-parse --show-toplevel [1ms]
2025-03-17 13:41:27.223 [info] fatal: not a git repository (or any of the parent directories): .git
2025-03-17 13:41:27.223 [info] [Model][doInitialScan] Initial repository scan completed - repositories (0), closed repositories (0), parent repositories (0), unsafe repositories (0)
2025-03-17 13:41:28.606 [info] > git rev-parse --show-toplevel [4ms]
2025-03-17 13:41:28.606 [info] fatal: not a git repository (or any of the parent directories): .git
2025-03-17 13:41:33.965 [info] > git rev-parse --show-toplevel [1ms]
2025-03-17 13:41:33.965 [info] fatal: not a git repository (or any of the parent directories): .git
2025-03-17 13:41:43.432 [info] > git rev-parse --show-toplevel [3ms]
2025-03-17 13:41:43.432 [info] fatal: not a git repository (or any of the parent directories): .git
2025-03-17 13:41:43.571 [info] > git rev-parse --show-toplevel [2ms]
2025-03-17 13:41:43.571 [info] fatal: not a git repository (or any of the parent directories): .git
2025-03-17 13:41:45.692 [info] > git rev-parse --show-toplevel [1ms]
2025-03-17 13:41:45.692 [info] fatal: not a git repository (or any of the parent directories): .git
2025-03-17 13:41:45.852 [info] > git rev-parse --show-toplevel [1ms]
2025-03-17 13:41:45.852 [info] fatal: not a git repository (or any of the parent directories): .git
2025-03-17 13:43:44.441 [info] > git rev-parse --show-toplevel [1ms]
2025-03-17 13:43:44.441 [info] fatal: not a git repository (or any of the parent directories): .git
2025-03-17 13:43:54.567 [info] > git rev-parse --show-toplevel [1ms]
2025-03-17 13:43:54.567 [info] fatal: not a git repository (or any of the parent directories): .git
2025-03-17 13:44:47.005 [info] > git rev-parse --show-toplevel [1ms]
2025-03-17 13:44:47.005 [info] fatal: not a git repository (or any of the parent directories): .git
2025-03-17 13:44:48.134 [info] > git rev-parse --show-toplevel [1ms]
2025-03-17 13:44:48.134 [info] fatal: not a git repository (or any of the parent directories): .git
2025-03-17 13:44:48.922 [info] > git rev-parse --show-toplevel [2ms]
2025-03-17 13:44:48.922 [info] fatal: not a git repository (or any of the parent directories): .git
2025-03-17 13:44:49.655 [info] > git rev-parse --show-toplevel [2ms]
2025-03-17 13:44:49.655 [info] fatal: not a git repository (or any of the parent directories): .git
2025-03-17 13:44:49.794 [info] > git rev-parse --show-toplevel [2ms]
2025-03-17 13:44:49.794 [info] fatal: not a git repository (or any of the parent directories): .git
2025-03-17 13:44:49.929 [info] > git rev-parse --show-toplevel [1ms]
2025-03-17 13:44:49.929 [info] fatal: not a git repository (or any of the parent directories): .git
2025-03-17 13:44:50.286 [info] > git rev-parse --show-toplevel [1ms]
2025-03-17 13:44:50.286 [info] fatal: not a git repository (or any of the parent directories): .git
2025-03-17 13:44:52.779 [info] > git rev-parse --show-toplevel [2ms]
2025-03-17 13:44:52.779 [info] fatal: not a git repository (or any of the parent directories): .git
2025-03-17 13:44:53.224 [info] > git rev-parse --show-toplevel [1ms]
2025-03-17 13:44:53.224 [info] fatal: not a git repository (or any of the parent directories): .git
2025-03-17 13:45:04.427 [info] > git rev-parse --show-toplevel [1ms]
2025-03-17 13:45:04.427 [info] fatal: not a git repository (or any of the parent directories): .git
2025-03-17 13:45:04.746 [info] > git rev-parse --show-toplevel [1ms]
2025-03-17 13:45:04.746 [info] fatal: not a git repository (or any of the parent directories): .git
2025-03-17 13:45:07.626 [info] > git rev-parse --show-toplevel [2ms]
2025-03-17 13:45:07.626 [info] fatal: not a git repository (or any of the parent directories): .git
2025-03-17 13:45:08.259 [info] > git rev-parse --show-toplevel [2ms]
2025-03-17 13:45:08.259 [info] fatal: not a git repository (or any of the parent directories): .git
2025-03-17 13:45:08.401 [info] > git rev-parse --show-toplevel [1ms]
2025-03-17 13:45:08.401 [info] fatal: not a git repository (or any of the parent directories): .git
2025-03-17 13:45:31.630 [info] > git rev-parse --show-toplevel [1ms]
2025-03-17 13:45:31.630 [info] fatal: not a git repository (or any of the parent directories): .git
2025-03-17 13:45:33.132 [info] > git rev-parse --show-toplevel [1ms]
2025-03-17 13:45:33.132 [info] fatal: not a git repository (or any of the parent directories): .git
2025-03-17 13:45:34.366 [info] > git rev-parse --show-toplevel [1ms]
2025-03-17 13:45:34.366 [info] fatal: not a git repository (or any of the parent directories): .git
2025-03-17 13:45:34.540 [info] > git rev-parse --show-toplevel [2ms]
2025-03-17 13:45:34.540 [info] fatal: not a git repository (or any of the parent directories): .git
2025-03-17 13:45:40.149 [info] > git rev-parse --show-toplevel [1ms]
2025-03-17 13:45:40.149 [info] fatal: not a git repository (or any of the parent directories): .git
2025-03-17 13:45:41.053 [info] > git rev-parse --show-toplevel [1ms]
2025-03-17 13:45:41.053 [info] fatal: not a git repository (or any of the parent directories): .git
2025-03-17 13:45:41.479 [info] > git rev-parse --show-toplevel [1ms]
2025-03-17 13:45:41.479 [info] fatal: not a git repository (or any of the parent directories): .git
2025-03-17 13:45:41.646 [info] > git rev-parse --show-toplevel [1ms]
2025-03-17 13:45:41.646 [info] fatal: not a git repository (or any of the parent directories): .git
2025-03-17 13:45:41.748 [info] > git rev-parse --show-toplevel [1ms]
2025-03-17 13:45:41.748 [info] fatal: not a git repository (or any of the parent directories): .git
2025-03-17 13:45:47.953 [info] > git rev-parse --show-toplevel [1ms]
2025-03-17 13:45:47.953 [info] fatal: not a git repository (or any of the parent directories): .git
2025-03-17 13:45:58.831 [info] > git rev-parse --show-toplevel [1ms]
2025-03-17 13:45:58.831 [info] fatal: not a git repository (or any of the parent directories): .git
2025-03-17 13:45:59.081 [info] > git rev-parse --show-toplevel [1ms]
2025-03-17 13:45:59.081 [info] fatal: not a git repository (or any of the parent directories): .git
2025-03-17 13:45:59.188 [info] > git rev-parse --show-toplevel [1ms]
2025-03-17 13:45:59.188 [info] fatal: not a git repository (or any of the parent directories): .git
2025-03-17 13:46:04.812 [info] > git rev-parse --show-toplevel [2ms]
2025-03-17 13:46:04.812 [info] fatal: not a git repository (or any of the parent directories): .git
2025-03-17 13:46:18.535 [info] > git rev-parse --show-toplevel [2ms]
2025-03-17 13:46:18.535 [info] fatal: not a git repository (or any of the parent directories): .git
2025-03-17 13:46:19.217 [info] > git rev-parse --show-toplevel [2ms]
2025-03-17 13:46:19.217 [info] fatal: not a git repository (or any of the parent directories): .git
2025-03-17 17:42:55.097 [info] > git rev-parse --show-toplevel [1ms]
2025-03-17 17:42:55.097 [info] fatal: not a git repository (or any of the parent directories): .git
2025-03-17 17:42:55.482 [info] > git rev-parse --show-toplevel [1ms]
2025-03-17 17:42:55.482 [info] fatal: not a git repository (or any of the parent directories): .git
2025-03-17 17:42:57.486 [info] > git rev-parse --show-toplevel [1ms]
2025-03-17 17:42:57.486 [info] fatal: not a git repository (or any of the parent directories): .git
2025-03-17 17:42:59.322 [info] > git rev-parse --show-toplevel [1ms]
2025-03-17 17:42:59.322 [info] fatal: not a git repository (or any of the parent directories): .git
2025-03-17 17:43:04.136 [info] > git rev-parse --show-toplevel [2ms]
2025-03-17 17:43:04.136 [info] fatal: not a git repository (or any of the parent directories): .git
2025-03-17 17:43:13.568 [info] > git rev-parse --show-toplevel [2ms]
2025-03-17 17:43:13.568 [info] fatal: not a git repository (or any of the parent directories): .git
2025-03-17 17:43:16.336 [info] > git rev-parse --show-toplevel [1ms]
2025-03-17 17:43:16.336 [info] fatal: not a git repository (or any of the parent directories): .git
2025-03-17 17:43:16.942 [info] > git rev-parse --show-toplevel [2ms]
2025-03-17 17:43:16.942 [info] fatal: not a git repository (or any of the parent directories): .git
2025-03-17 17:43:19.945 [info] > git rev-parse --show-toplevel [1ms]
2025-03-17 17:43:19.945 [info] fatal: not a git repository (or any of the parent directories): .git
2025-03-17 17:43:21.840 [info] > git rev-parse --show-toplevel [1ms]
2025-03-17 17:43:21.840 [info] fatal: not a git repository (or any of the parent directories): .git
2025-03-17 17:43:25.972 [info] > git rev-parse --show-toplevel [2ms]
2025-03-17 17:43:25.972 [info] fatal: not a git repository (or any of the parent directories): .git
2025-03-17 17:43:28.896 [info] > git rev-parse --show-toplevel [2ms]
2025-03-17 17:43:28.896 [info] fatal: not a git repository (or any of the parent directories): .git
2025-03-17 17:43:49.689 [info] > git rev-parse --show-toplevel [1ms]
2025-03-17 17:43:49.689 [info] fatal: not a git repository (or any of the parent directories): .git
2025-03-17 17:43:50.976 [info] > git rev-parse --show-toplevel [1ms]
2025-03-17 17:43:50.976 [info] fatal: not a git repository (or any of the parent directories): .git
2025-03-17 17:45:04.928 [info] > git rev-parse --show-toplevel [1ms]
2025-03-17 17:45:04.928 [info] fatal: not a git repository (or any of the parent directories): .git
2025-03-17 17:45:06.196 [info] > git rev-parse --show-toplevel [1ms]
2025-03-17 17:45:06.196 [info] fatal: not a git repository (or any of the parent directories): .git
2025-03-17 17:45:08.634 [info] > git rev-parse --show-toplevel [2ms]
2025-03-17 17:45:08.634 [info] fatal: not a git repository (or any of the parent directories): .git
2025-03-17 17:45:09.522 [info] > git rev-parse --show-toplevel [1ms]
2025-03-17 17:45:09.522 [info] fatal: not a git repository (or any of the parent directories): .git
2025-03-17 17:45:12.322 [info] > git rev-parse --show-toplevel [1ms]
2025-03-17 17:45:12.322 [info] fatal: not a git repository (or any of the parent directories): .git
2025-03-17 17:45:23.747 [info] > git rev-parse --show-toplevel [1ms]
2025-03-17 17:45:23.747 [info] fatal: not a git repository (or any of the parent directories): .git
2025-03-17 17:46:10.550 [info] > git rev-parse --show-toplevel [2ms]
2025-03-17 17:46:10.550 [info] fatal: not a git repository (or any of the parent directories): .git
2025-03-17 17:46:11.121 [info] > git rev-parse --show-toplevel [1ms]
2025-03-17 17:46:11.121 [info] fatal: not a git repository (or any of the parent directories): .git
2025-03-17 17:46:24.141 [info] > git rev-parse --show-toplevel [1ms]
2025-03-17 17:46:24.141 [info] fatal: not a git repository (or any of the parent directories): .git
2025-03-17 17:46:27.326 [info] > git rev-parse --show-toplevel [1ms]
2025-03-17 17:46:27.326 [info] fatal: not a git repository (or any of the parent directories): .git
2025-03-17 17:46:31.282 [info] > git rev-parse --show-toplevel [1ms]
2025-03-17 17:46:31.283 [info] fatal: not a git repository (or any of the parent directories): .git
2025-03-17 17:46:37.872 [info] > git rev-parse --show-toplevel [1ms]
2025-03-17 17:46:37.872 [info] fatal: not a git repository (or any of the parent directories): .git
2025-03-17 17:46:38.109 [info] > git rev-parse --show-toplevel [1ms]
2025-03-17 17:46:38.109 [info] fatal: not a git repository (or any of the parent directories): .git
2025-03-17 17:46:50.243 [info] > git rev-parse --show-toplevel [1ms]
2025-03-17 17:46:50.243 [info] fatal: not a git repository (or any of the parent directories): .git
2025-03-17 17:46:53.391 [info] > git rev-parse --show-toplevel [1ms]
2025-03-17 17:46:53.392 [info] fatal: not a git repository (or any of the parent directories): .git
2025-03-17 17:47:06.522 [info] > git rev-parse --show-toplevel [1ms]
2025-03-17 17:47:06.522 [info] fatal: not a git repository (or any of the parent directories): .git
2025-03-17 17:49:24.923 [info] > git rev-parse --show-toplevel [1ms]
2025-03-17 17:49:24.923 [info] fatal: not a git repository (or any of the parent directories): .git
2025-03-17 17:49:26.327 [info] > git rev-parse --show-toplevel [1ms]
2025-03-17 17:49:26.327 [info] fatal: not a git repository (or any of the parent directories): .git
2025-03-17 17:49:27.257 [info] > git rev-parse --show-toplevel [2ms]
2025-03-17 17:49:27.257 [info] fatal: not a git repository (or any of the parent directories): .git
2025-03-17 17:49:33.694 [info] > git rev-parse --show-toplevel [1ms]
2025-03-17 17:49:33.694 [info] fatal: not a git repository (or any of the parent directories): .git
2025-03-17 17:50:05.180 [info] > git rev-parse --show-toplevel [1ms]
2025-03-17 17:50:05.180 [info] fatal: not a git repository (or any of the parent directories): .git
2025-03-17 17:50:07.162 [info] > git rev-parse --show-toplevel [1ms]
2025-03-17 17:50:07.162 [info] fatal: not a git repository (or any of the parent directories): .git
2025-03-17 17:50:07.560 [info] > git rev-parse --show-toplevel [2ms]
2025-03-17 17:50:07.560 [info] fatal: not a git repository (or any of the parent directories): .git
2025-03-17 17:50:07.842 [info] > git rev-parse --show-toplevel [1ms]
2025-03-17 17:50:07.842 [info] fatal: not a git repository (or any of the parent directories): .git
2025-03-17 17:50:08.217 [info] > git rev-parse --show-toplevel [2ms]
2025-03-17 17:50:08.217 [info] fatal: not a git repository (or any of the parent directories): .git
2025-03-17 17:50:08.475 [info] > git rev-parse --show-toplevel [1ms]
2025-03-17 17:50:08.475 [info] fatal: not a git repository (or any of the parent directories): .git
2025-03-17 17:50:08.833 [info] > git rev-parse --show-toplevel [1ms]
2025-03-17 17:50:08.833 [info] fatal: not a git repository (or any of the parent directories): .git
2025-03-17 17:50:11.210 [info] > git rev-parse --show-toplevel [1ms]
2025-03-17 17:50:11.210 [info] fatal: not a git repository (or any of the parent directories): .git
2025-03-17 17:50:17.336 [info] > git rev-parse --show-toplevel [1ms]
2025-03-17 17:50:17.336 [info] fatal: not a git repository (or any of the parent directories): .git
2025-03-17 17:50:19.050 [info] > git rev-parse --show-toplevel [2ms]
2025-03-17 17:50:19.050 [info] fatal: not a git repository (or any of the parent directories): .git
2025-03-17 17:50:22.525 [info] > git rev-parse --show-toplevel [1ms]
2025-03-17 17:50:22.525 [info] fatal: not a git repository (or any of the parent directories): .git
2025-03-17 17:50:23.470 [info] > git rev-parse --show-toplevel [1ms]
2025-03-17 17:50:23.470 [info] fatal: not a git repository (or any of the parent directories): .git
2025-03-17 17:50:23.865 [info] > git rev-parse --show-toplevel [2ms]
2025-03-17 17:50:23.865 [info] fatal: not a git repository (or any of the parent directories): .git
2025-03-17 17:50:24.222 [info] > git rev-parse --show-toplevel [1ms]
2025-03-17 17:50:24.222 [info] fatal: not a git repository (or any of the parent directories): .git
2025-03-17 17:50:24.691 [info] > git rev-parse --show-toplevel [1ms]
2025-03-17 17:50:24.691 [info] fatal: not a git repository (or any of the parent directories): .git
2025-03-17 17:50:27.503 [info] > git rev-parse --show-toplevel [1ms]
2025-03-17 17:50:27.503 [info] fatal: not a git repository (or any of the parent directories): .git
2025-03-17 17:50:31.802 [info] > git rev-parse --show-toplevel [1ms]
2025-03-17 17:50:31.802 [info] fatal: not a git repository (or any of the parent directories): .git
2025-03-17 17:50:33.496 [info] > git rev-parse --show-toplevel [1ms]
2025-03-17 17:50:33.496 [info] fatal: not a git repository (or any of the parent directories): .git
2025-03-17 17:50:38.101 [info] > git rev-parse --show-toplevel [1ms]
2025-03-17 17:50:38.101 [info] fatal: not a git repository (or any of the parent directories): .git
2025-03-17 17:50:39.424 [info] > git rev-parse --show-toplevel [1ms]
2025-03-17 17:50:39.424 [info] fatal: not a git repository (or any of the parent directories): .git
2025-03-17 17:50:44.929 [info] > git rev-parse --show-toplevel [2ms]
2025-03-17 17:50:44.929 [info] fatal: not a git repository (or any of the parent directories): .git
2025-03-17 17:50:46.926 [info] > git rev-parse --show-toplevel [1ms]
2025-03-17 17:50:46.926 [info] fatal: not a git repository (or any of the parent directories): .git
2025-03-17 17:50:52.607 [info] > git rev-parse --show-toplevel [1ms]
2025-03-17 17:50:52.607 [info] fatal: not a git repository (or any of the parent directories): .git
2025-03-17 17:50:54.113 [info] > git rev-parse --show-toplevel [1ms]
2025-03-17 17:50:54.113 [info] fatal: not a git repository (or any of the parent directories): .git
2025-03-17 17:50:54.342 [info] > git rev-parse --show-toplevel [1ms]
2025-03-17 17:50:54.342 [info] fatal: not a git repository (or any of the parent directories): .git
2025-03-17 17:51:19.581 [info] > git rev-parse --show-toplevel [1ms]
2025-03-17 17:51:19.581 [info] fatal: not a git repository (or any of the parent directories): .git
2025-03-17 17:51:32.307 [info] > git rev-parse --show-toplevel [2ms]
2025-03-17 17:51:32.307 [info] fatal: not a git repository (or any of the parent directories): .git
2025-03-17 17:51:33.534 [info] > git rev-parse --show-toplevel [1ms]
2025-03-17 17:51:33.534 [info] fatal: not a git repository (or any of the parent directories): .git
2025-03-17 17:51:34.102 [info] > git rev-parse --show-toplevel [1ms]
2025-03-17 17:51:34.102 [info] fatal: not a git repository (or any of the parent directories): .git
2025-03-17 17:52:45.525 [info] > git rev-parse --show-toplevel [1ms]
2025-03-17 17:52:45.525 [info] fatal: not a git repository (or any of the parent directories): .git
2025-03-17 17:52:46.154 [info] > git rev-parse --show-toplevel [1ms]
2025-03-17 17:52:46.154 [info] fatal: not a git repository (or any of the parent directories): .git
2025-03-17 17:53:01.892 [info] > git rev-parse --show-toplevel [1ms]
2025-03-17 17:53:01.892 [info] fatal: not a git repository (or any of the parent directories): .git
2025-03-17 17:53:07.330 [info] > git rev-parse --show-toplevel [1ms]
2025-03-17 17:53:07.330 [info] fatal: not a git repository (or any of the parent directories): .git
2025-03-17 17:53:11.536 [info] > git rev-parse --show-toplevel [1ms]
2025-03-17 17:53:11.536 [info] fatal: not a git repository (or any of the parent directories): .git
2025-03-17 17:53:11.540 [info] > git rev-parse --show-toplevel [1ms]
2025-03-17 17:53:11.540 [info] fatal: not a git repository (or any of the parent directories): .git
2025-03-17 17:53:18.620 [info] > git rev-parse --show-toplevel [1ms]
2025-03-17 17:53:18.620 [info] fatal: not a git repository (or any of the parent directories): .git
2025-03-17 17:53:18.624 [info] > git rev-parse --show-toplevel [1ms]
2025-03-17 17:53:18.624 [info] fatal: not a git repository (or any of the parent directories): .git
2025-03-17 17:53:28.939 [info] > git rev-parse --show-toplevel [1ms]
2025-03-17 17:53:28.939 [info] fatal: not a git repository (or any of the parent directories): .git
2025-03-17 17:53:33.381 [info] > git rev-parse --show-toplevel [1ms]
2025-03-17 17:53:33.381 [info] fatal: not a git repository (or any of the parent directories): .git
2025-03-17 17:53:33.386 [info] > git rev-parse --show-toplevel [1ms]
2025-03-17 17:53:33.386 [info] fatal: not a git repository (or any of the parent directories): .git
2025-03-17 17:53:36.893 [info] > git rev-parse --show-toplevel [1ms]
2025-03-17 17:53:36.893 [info] fatal: not a git repository (or any of the parent directories): .git
2025-03-17 17:53:36.898 [info] > git rev-parse --show-toplevel [0ms]
2025-03-17 17:53:36.898 [info] fatal: not a git repository (or any of the parent directories): .git
2025-03-17 17:53:48.759 [info] > git rev-parse --show-toplevel [1ms]
2025-03-17 17:53:48.759 [info] fatal: not a git repository (or any of the parent directories): .git
2025-03-17 17:53:48.806 [info] > git rev-parse --show-toplevel [1ms]
2025-03-17 17:53:48.806 [info] fatal: not a git repository (or any of the parent directories): .git
2025-03-17 17:53:50.421 [info] > git rev-parse --show-toplevel [2ms]
2025-03-17 17:53:50.421 [info] fatal: not a git repository (or any of the parent directories): .git
2025-03-17 17:53:54.258 [info] > git rev-parse --show-toplevel [1ms]
2025-03-17 17:53:54.258 [info] fatal: not a git repository (or any of the parent directories): .git
2025-03-17 17:53:54.263 [info] > git rev-parse --show-toplevel [0ms]
2025-03-17 17:53:54.263 [info] fatal: not a git repository (or any of the parent directories): .git
2025-03-17 17:53:57.136 [info] > git rev-parse --show-toplevel [1ms]
2025-03-17 17:53:57.136 [info] fatal: not a git repository (or any of the parent directories): .git
2025-03-17 17:53:57.140 [info] > git rev-parse --show-toplevel [1ms]
2025-03-17 17:53:57.140 [info] fatal: not a git repository (or any of the parent directories): .git
2025-03-17 17:54:16.881 [info] > git rev-parse --show-toplevel [1ms]
2025-03-17 17:54:16.881 [info] fatal: not a git repository (or any of the parent directories): .git
2025-03-17 17:54:22.684 [info] > git rev-parse --show-toplevel [1ms]
2025-03-17 17:54:22.684 [info] fatal: not a git repository (or any of the parent directories): .git
2025-03-17 17:54:22.689 [info] > git rev-parse --show-toplevel [1ms]
2025-03-17 17:54:22.689 [info] fatal: not a git repository (or any of the parent directories): .git
2025-03-17 17:57:01.195 [info] > git rev-parse --show-toplevel [1ms]
2025-03-17 17:57:01.195 [info] fatal: not a git repository (or any of the parent directories): .git
2025-03-17 17:57:02.136 [info] > git rev-parse --show-toplevel [1ms]
2025-03-17 17:57:02.136 [info] fatal: not a git repository (or any of the parent directories): .git
2025-03-17 17:57:59.205 [info] > git rev-parse --show-toplevel [1ms]
2025-03-17 17:57:59.205 [info] fatal: not a git repository (or any of the parent directories): .git
2025-03-17 17:58:02.261 [info] > git rev-parse --show-toplevel [1ms]
2025-03-17 17:58:02.261 [info] fatal: not a git repository (or any of the parent directories): .git
2025-03-17 17:58:17.143 [info] > git rev-parse --show-toplevel [2ms]
2025-03-17 17:58:17.143 [info] fatal: not a git repository (or any of the parent directories): .git
2025-03-17 17:58:20.381 [info] > git rev-parse --show-toplevel [1ms]
2025-03-17 17:58:20.381 [info] fatal: not a git repository (or any of the parent directories): .git
2025-03-17 17:59:08.848 [info] > git rev-parse --show-toplevel [1ms]
2025-03-17 17:59:08.848 [info] fatal: not a git repository (or any of the parent directories): .git
2025-03-17 17:59:10.654 [info] > git rev-parse --show-toplevel [1ms]
2025-03-17 17:59:10.654 [info] fatal: not a git repository (or any of the parent directories): .git
2025-03-17 17:59:12.349 [info] > git rev-parse --show-toplevel [1ms]
2025-03-17 17:59:12.349 [info] fatal: not a git repository (or any of the parent directories): .git
2025-03-17 17:59:14.700 [info] > git rev-parse --show-toplevel [1ms]
2025-03-17 17:59:14.701 [info] fatal: not a git repository (or any of the parent directories): .git
2025-03-17 17:59:21.071 [info] > git rev-parse --show-toplevel [1ms]
2025-03-17 17:59:21.072 [info] fatal: not a git repository (or any of the parent directories): .git
2025-03-17 17:59:24.592 [info] > git rev-parse --show-toplevel [1ms]
2025-03-17 17:59:24.592 [info] fatal: not a git repository (or any of the parent directories): .git
2025-03-17 17:59:26.110 [info] > git rev-parse --show-toplevel [2ms]
2025-03-17 17:59:26.110 [info] fatal: not a git repository (or any of the parent directories): .git
2025-03-17 18:00:14.687 [info] > git rev-parse --show-toplevel [1ms]
2025-03-17 18:00:14.687 [info] fatal: not a git repository (or any of the parent directories): .git
2025-03-17 18:00:23.545 [info] > git rev-parse --show-toplevel [2ms]
2025-03-17 18:00:23.545 [info] fatal: not a git repository (or any of the parent directories): .git
2025-03-17 18:00:23.985 [info] > git rev-parse --show-toplevel [1ms]
2025-03-17 18:00:23.985 [info] fatal: not a git repository (or any of the parent directories): .git
2025-03-17 18:02:10.339 [info] > git rev-parse --show-toplevel [1ms]
2025-03-17 18:02:10.339 [info] fatal: not a git repository (or any of the parent directories): .git
2025-03-17 18:02:13.661 [info] > git rev-parse --show-toplevel [1ms]
2025-03-17 18:02:13.661 [info] fatal: not a git repository (or any of the parent directories): .git
2025-03-17 18:05:31.681 [info] > git rev-parse --show-toplevel [1ms]
2025-03-17 18:05:31.681 [info] fatal: not a git repository (or any of the parent directories): .git
2025-03-17 18:05:32.024 [info] > git rev-parse --show-toplevel [1ms]
2025-03-17 18:05:32.024 [info] fatal: not a git repository (or any of the parent directories): .git
2025-03-17 18:05:32.393 [info] > git rev-parse --show-toplevel [1ms]
2025-03-17 18:05:32.393 [info] fatal: not a git repository (or any of the parent directories): .git
2025-03-17 18:05:33.918 [info] > git rev-parse --show-toplevel [1ms]
2025-03-17 18:05:33.918 [info] fatal: not a git repository (or any of the parent directories): .git
2025-03-17 18:05:34.323 [info] > git rev-parse --show-toplevel [1ms]
2025-03-17 18:05:34.323 [info] fatal: not a git repository (or any of the parent directories): .git
2025-03-17 18:05:34.823 [info] > git rev-parse --show-toplevel [1ms]
2025-03-17 18:05:34.824 [info] fatal: not a git repository (or any of the parent directories): .git
2025-03-17 18:05:36.195 [info] > git rev-parse --show-toplevel [1ms]
2025-03-17 18:05:36.195 [info] fatal: not a git repository (or any of the parent directories): .git
2025-03-17 18:05:38.235 [info] > git rev-parse --show-toplevel [1ms]
2025-03-17 18:05:38.235 [info] fatal: not a git repository (or any of the parent directories): .git
2025-03-17 18:05:40.300 [info] > git rev-parse --show-toplevel [1ms]
2025-03-17 18:05:40.300 [info] fatal: not a git repository (or any of the parent directories): .git
2025-03-17 18:06:30.119 [info] > git rev-parse --show-toplevel [1ms]
2025-03-17 18:06:30.119 [info] fatal: not a git repository (or any of the parent directories): .git
2025-03-17 18:06:32.806 [info] > git rev-parse --show-toplevel [1ms]
2025-03-17 18:06:32.806 [info] fatal: not a git repository (or any of the parent directories): .git
2025-03-17 18:06:33.381 [info] > git rev-parse --show-toplevel [1ms]
2025-03-17 18:06:33.382 [info] fatal: not a git repository (or any of the parent directories): .git
2025-03-17 18:08:12.904 [info] > git rev-parse --show-toplevel [1ms]
2025-03-17 18:08:12.904 [info] fatal: not a git repository (or any of the parent directories): .git
2025-03-17 18:08:19.144 [info] > git rev-parse --show-toplevel [1ms]
2025-03-17 18:08:19.144 [info] fatal: not a git repository (or any of the parent directories): .git
2025-03-17 18:08:26.039 [info] > git rev-parse --show-toplevel [2ms]
2025-03-17 18:08:26.039 [info] fatal: not a git repository (or any of the parent directories): .git
2025-03-17 18:08:43.356 [info] > git rev-parse --show-toplevel [1ms]
2025-03-17 18:08:43.356 [info] fatal: not a git repository (or any of the parent directories): .git
2025-03-17 18:08:45.254 [info] > git rev-parse --show-toplevel [1ms]
2025-03-17 18:08:45.254 [info] fatal: not a git repository (or any of the parent directories): .git
2025-03-17 18:08:49.190 [info] > git rev-parse --show-toplevel [1ms]
2025-03-17 18:08:49.190 [info] fatal: not a git repository (or any of the parent directories): .git
2025-03-17 18:08:51.145 [info] > git rev-parse --show-toplevel [1ms]
2025-03-17 18:08:51.145 [info] fatal: not a git repository (or any of the parent directories): .git
2025-03-17 18:09:34.355 [info] > git rev-parse --show-toplevel [1ms]
2025-03-17 18:09:34.355 [info] fatal: not a git repository (or any of the parent directories): .git
2025-03-17 18:10:43.408 [info] > git rev-parse --show-toplevel [1ms]
2025-03-17 18:10:43.408 [info] fatal: not a git repository (or any of the parent directories): .git
2025-03-17 18:10:56.904 [info] [main] Log level: Info
2025-03-17 18:10:56.904 [info] [main] Validating found git in: "git"
2025-03-17 18:10:56.904 [info] [main] Using git "2.49.0" from "git"
2025-03-17 18:10:56.904 [info] [Model][doInitialScan] Initial repository scan started
2025-03-17 18:10:56.904 [info] > git rev-parse --show-toplevel [4ms]
2025-03-17 18:10:56.904 [info] fatal: not a git repository (or any of the parent directories): .git
2025-03-17 18:10:56.905 [info] > git rev-parse --show-toplevel [2ms]
2025-03-17 18:10:56.905 [info] fatal: not a git repository (or any of the parent directories): .git
2025-03-17 18:10:56.917 [info] > git rev-parse --show-toplevel [1ms]
2025-03-17 18:10:56.917 [info] fatal: not a git repository (or any of the parent directories): .git
2025-03-17 18:10:56.921 [info] > git rev-parse --show-toplevel [1ms]
2025-03-17 18:10:56.921 [info] fatal: not a git repository (or any of the parent directories): .git
2025-03-17 18:10:56.927 [info] > git rev-parse --show-toplevel [2ms]
2025-03-17 18:10:56.927 [info] fatal: not a git repository (or any of the parent directories): .git
2025-03-17 18:10:56.931 [info] > git rev-parse --show-toplevel [1ms]
2025-03-17 18:10:56.931 [info] fatal: not a git repository (or any of the parent directories): .git
2025-03-17 18:10:56.935 [info] > git rev-parse --show-toplevel [1ms]
2025-03-17 18:10:56.935 [info] fatal: not a git repository (or any of the parent directories): .git
2025-03-17 18:10:56.939 [info] > git rev-parse --show-toplevel [1ms]
2025-03-17 18:10:56.939 [info] fatal: not a git repository (or any of the parent directories): .git
2025-03-17 18:10:56.939 [info] [Model][doInitialScan] Initial repository scan completed - repositories (0), closed repositories (0), parent repositories (0), unsafe repositories (0)
2025-03-17 18:11:59.124 [info] > git rev-parse --show-toplevel [2ms]
2025-03-17 18:11:59.124 [info] fatal: not a git repository (or any of the parent directories): .git
2025-03-17 18:12:00.742 [info] > git rev-parse --show-toplevel [1ms]
2025-03-17 18:12:00.742 [info] fatal: not a git repository (or any of the parent directories): .git
2025-03-17 18:12:06.304 [info] > git rev-parse --show-toplevel [1ms]
2025-03-17 18:12:06.305 [info] fatal: not a git repository (or any of the parent directories): .git
2025-03-17 18:13:52.053 [info] > git rev-parse --show-toplevel [2ms]
2025-03-17 18:13:52.053 [info] fatal: not a git repository (or any of the parent directories): .git
2025-03-17 18:13:52.753 [info] > git rev-parse --show-toplevel [1ms]
2025-03-17 18:13:52.753 [info] fatal: not a git repository (or any of the parent directories): .git
2025-03-17 18:14:51.866 [info] > git rev-parse --show-toplevel [1ms]
2025-03-17 18:14:51.866 [info] fatal: not a git repository (or any of the parent directories): .git
2025-03-17 18:17:03.196 [info] > git rev-parse --show-toplevel [1ms]
2025-03-17 18:17:03.196 [info] fatal: not a git repository (or any of the parent directories): .git
2025-03-17 18:17:04.269 [info] > git rev-parse --show-toplevel [2ms]
2025-03-17 18:17:04.269 [info] fatal: not a git repository (or any of the parent directories): .git
2025-03-17 18:17:07.818 [info] > git rev-parse --show-toplevel [2ms]
2025-03-17 18:17:07.818 [info] fatal: not a git repository (or any of the parent directories): .git
2025-03-17 18:17:09.485 [info] > git rev-parse --show-toplevel [1ms]
2025-03-17 18:17:09.485 [info] fatal: not a git repository (or any of the parent directories): .git
2025-03-17 18:18:04.139 [info] > git rev-parse --show-toplevel [2ms]
2025-03-17 18:18:04.139 [info] fatal: not a git repository (or any of the parent directories): .git
2025-03-17 18:18:22.564 [info] > git rev-parse --show-toplevel [1ms]
2025-03-17 18:18:22.564 [info] fatal: not a git repository (or any of the parent directories): .git
2025-03-17 18:18:22.911 [info] > git rev-parse --show-toplevel [1ms]
2025-03-17 18:18:22.911 [info] fatal: not a git repository (or any of the parent directories): .git
2025-03-17 18:24:11.829 [info] > git rev-parse --show-toplevel [1ms]
2025-03-17 18:24:11.829 [info] fatal: not a git repository (or any of the parent directories): .git
2025-03-17 18:26:12.714 [info] > git rev-parse --show-toplevel [1ms]
2025-03-17 18:26:12.714 [info] fatal: not a git repository (or any of the parent directories): .git
2025-03-17 18:26:16.281 [info] > git rev-parse --show-toplevel [1ms]
2025-03-17 18:26:16.281 [info] fatal: not a git repository (or any of the parent directories): .git
2025-03-17 18:26:18.884 [info] > git rev-parse --show-toplevel [2ms]
2025-03-17 18:26:18.884 [info] fatal: not a git repository (or any of the parent directories): .git
2025-03-17 18:26:20.177 [info] > git rev-parse --show-toplevel [0ms]
2025-03-17 18:26:20.177 [info] fatal: not a git repository (or any of the parent directories): .git
2025-03-17 18:33:45.494 [info] > git rev-parse --show-toplevel [1ms]
2025-03-17 18:33:45.494 [info] fatal: not a git repository (or any of the parent directories): .git
2025-03-17 18:33:48.505 [info] > git rev-parse --show-toplevel [2ms]
2025-03-17 18:33:48.505 [info] fatal: not a git repository (or any of the parent directories): .git
2025-03-17 18:34:06.929 [info] > git rev-parse --show-toplevel [1ms]
2025-03-17 18:34:06.929 [info] fatal: not a git repository (or any of the parent directories): .git
2025-03-17 18:34:08.772 [info] > git rev-parse --show-toplevel [1ms]
2025-03-17 18:34:08.772 [info] fatal: not a git repository (or any of the parent directories): .git
2025-03-17 18:35:09.812 [info] > git rev-parse --show-toplevel [1ms]
2025-03-17 18:35:09.812 [info] fatal: not a git repository (or any of the parent directories): .git
2025-03-17 18:35:12.470 [info] > git rev-parse --show-toplevel [1ms]
2025-03-17 18:35:12.470 [info] fatal: not a git repository (or any of the parent directories): .git
2025-03-17 18:35:17.218 [info] > git rev-parse --show-toplevel [1ms]
2025-03-17 18:35:17.218 [info] fatal: not a git repository (or any of the parent directories): .git
2025-03-17 18:35:21.415 [info] > git rev-parse --show-toplevel [1ms]
2025-03-17 18:35:21.415 [info] fatal: not a git repository (or any of the parent directories): .git
2025-03-17 18:35:26.183 [info] > git rev-parse --show-toplevel [1ms]
2025-03-17 18:35:26.183 [info] fatal: not a git repository (or any of the parent directories): .git
2025-03-17 18:35:46.115 [info] > git rev-parse --show-toplevel [1ms]
2025-03-17 18:35:46.115 [info] fatal: not a git repository (or any of the parent directories): .git
2025-03-17 18:35:47.710 [info] > git rev-parse --show-toplevel [1ms]
2025-03-17 18:35:47.710 [info] fatal: not a git repository (or any of the parent directories): .git
2025-03-17 18:35:48.683 [info] > git rev-parse --show-toplevel [1ms]
2025-03-17 18:35:48.683 [info] fatal: not a git repository (or any of the parent directories): .git
2025-03-17 18:35:51.394 [info] > git rev-parse --show-toplevel [2ms]
2025-03-17 18:35:51.394 [info] fatal: not a git repository (or any of the parent directories): .git
2025-03-17 18:35:56.566 [info] > git rev-parse --show-toplevel [1ms]
2025-03-17 18:35:56.566 [info] fatal: not a git repository (or any of the parent directories): .git
2025-03-17 18:36:27.577 [info] > git rev-parse --show-toplevel [1ms]
2025-03-17 18:36:27.577 [info] fatal: not a git repository (or any of the parent directories): .git
2025-03-17 18:36:30.626 [info] > git rev-parse --show-toplevel [1ms]
2025-03-17 18:36:30.626 [info] fatal: not a git repository (or any of the parent directories): .git
2025-03-17 18:36:47.738 [info] > git rev-parse --show-toplevel [1ms]
2025-03-17 18:36:47.738 [info] fatal: not a git repository (or any of the parent directories): .git
2025-03-17 18:36:49.291 [info] > git rev-parse --show-toplevel [1ms]
2025-03-17 18:36:49.291 [info] fatal: not a git repository (or any of the parent directories): .git
2025-03-17 18:36:51.632 [info] > git rev-parse --show-toplevel [1ms]
2025-03-17 18:36:51.632 [info] fatal: not a git repository (or any of the parent directories): .git
2025-03-17 18:36:52.934 [info] > git rev-parse --show-toplevel [1ms]
2025-03-17 18:36:52.935 [info] fatal: not a git repository (or any of the parent directories): .git
2025-03-17 18:36:58.472 [info] > git rev-parse --show-toplevel [2ms]
2025-03-17 18:36:58.472 [info] fatal: not a git repository (or any of the parent directories): .git
2025-03-17 18:36:58.773 [info] > git rev-parse --show-toplevel [1ms]
2025-03-17 18:36:58.773 [info] fatal: not a git repository (or any of the parent directories): .git
2025-03-17 18:37:00.229 [info] > git rev-parse --show-toplevel [2ms]
2025-03-17 18:37:00.229 [info] fatal: not a git repository (or any of the parent directories): .git
2025-03-17 18:37:01.138 [info] > git rev-parse --show-toplevel [1ms]
2025-03-17 18:37:01.138 [info] fatal: not a git repository (or any of the parent directories): .git
2025-03-17 18:37:17.328 [info] > git rev-parse --show-toplevel [1ms]
2025-03-17 18:37:17.328 [info] fatal: not a git repository (or any of the parent directories): .git
2025-03-17 18:37:17.847 [info] > git rev-parse --show-toplevel [1ms]
2025-03-17 18:37:17.847 [info] fatal: not a git repository (or any of the parent directories): .git
2025-03-17 18:37:24.092 [info] > git rev-parse --show-toplevel [1ms]
2025-03-17 18:37:24.092 [info] fatal: not a git repository (or any of the parent directories): .git
2025-03-17 18:37:24.480 [info] > git rev-parse --show-toplevel [1ms]
2025-03-17 18:37:24.480 [info] fatal: not a git repository (or any of the parent directories): .git
2025-03-17 18:37:59.558 [info] > git rev-parse --show-toplevel [1ms]
2025-03-17 18:37:59.558 [info] fatal: not a git repository (or any of the parent directories): .git
2025-03-17 18:38:02.340 [info] > git rev-parse --show-toplevel [0ms]
2025-03-17 18:38:02.340 [info] fatal: not a git repository (or any of the parent directories): .git
2025-03-17 18:38:07.650 [info] > git rev-parse --show-toplevel [1ms]
2025-03-17 18:38:07.650 [info] fatal: not a git repository (or any of the parent directories): .git
2025-03-17 18:38:19.732 [info] > git rev-parse --show-toplevel [1ms]
2025-03-17 18:38:19.732 [info] fatal: not a git repository (or any of the parent directories): .git
2025-03-17 18:38:20.486 [info] > git rev-parse --show-toplevel [2ms]
2025-03-17 18:38:20.486 [info] fatal: not a git repository (or any of the parent directories): .git
2025-03-17 18:38:23.486 [info] > git rev-parse --show-toplevel [1ms]
2025-03-17 18:38:23.486 [info] fatal: not a git repository (or any of the parent directories): .git
2025-03-17 18:39:07.518 [info] > git rev-parse --show-toplevel [1ms]
2025-03-17 18:39:07.518 [info] fatal: not a git repository (or any of the parent directories): .git
2025-03-17 18:39:08.579 [info] > git rev-parse --show-toplevel [1ms]
2025-03-17 18:39:08.579 [info] fatal: not a git repository (or any of the parent directories): .git
2025-03-17 18:40:05.020 [info] > git rev-parse --show-toplevel [1ms]
2025-03-17 18:40:05.020 [info] fatal: not a git repository (or any of the parent directories): .git
2025-03-17 18:40:09.549 [info] > git rev-parse --show-toplevel [1ms]
2025-03-17 18:40:09.549 [info] fatal: not a git repository (or any of the parent directories): .git
2025-03-17 18:40:12.648 [info] > git rev-parse --show-toplevel [1ms]
2025-03-17 18:40:12.648 [info] fatal: not a git repository (or any of the parent directories): .git
2025-03-17 18:40:49.089 [info] > git rev-parse --show-toplevel [1ms]
2025-03-17 18:40:49.089 [info] fatal: not a git repository (or any of the parent directories): .git
2025-03-17 18:40:55.351 [info] > git rev-parse --show-toplevel [1ms]
2025-03-17 18:40:55.351 [info] fatal: not a git repository (or any of the parent directories): .git
2025-03-17 18:41:21.001 [info] > git rev-parse --show-toplevel [1ms]
2025-03-17 18:41:21.002 [info] fatal: not a git repository (or any of the parent directories): .git
2025-03-17 18:41:24.560 [info] > git rev-parse --show-toplevel [1ms]
2025-03-17 18:41:24.560 [info] fatal: not a git repository (or any of the parent directories): .git
2025-03-17 18:41:34.056 [info] > git rev-parse --show-toplevel [0ms]
2025-03-17 18:41:34.056 [info] fatal: not a git repository (or any of the parent directories): .git
2025-03-17 18:41:34.061 [info] > git rev-parse --show-toplevel [1ms]
2025-03-17 18:41:34.061 [info] fatal: not a git repository (or any of the parent directories): .git
2025-03-17 18:41:36.646 [info] > git rev-parse --show-toplevel [1ms]
2025-03-17 18:41:36.646 [info] fatal: not a git repository (or any of the parent directories): .git
2025-03-17 18:41:36.652 [info] > git rev-parse --show-toplevel [1ms]
2025-03-17 18:41:36.652 [info] fatal: not a git repository (or any of the parent directories): .git
2025-03-17 18:42:07.528 [info] > git rev-parse --show-toplevel [1ms]
2025-03-17 18:42:07.528 [info] fatal: not a git repository (or any of the parent directories): .git
2025-03-17 18:42:07.550 [info] > git rev-parse --show-toplevel [1ms]
2025-03-17 18:42:07.550 [info] fatal: not a git repository (or any of the parent directories): .git
2025-03-17 18:42:13.604 [info] > git rev-parse --show-toplevel [1ms]
2025-03-17 18:42:13.604 [info] fatal: not a git repository (or any of the parent directories): .git
2025-03-17 18:42:33.229 [info] > git rev-parse --show-toplevel [2ms]
2025-03-17 18:42:33.229 [info] fatal: not a git repository (or any of the parent directories): .git
2025-03-17 18:42:38.639 [info] > git rev-parse --show-toplevel [1ms]
2025-03-17 18:42:38.639 [info] fatal: not a git repository (or any of the parent directories): .git
2025-03-17 18:42:59.808 [info] > git rev-parse --show-toplevel [1ms]
2025-03-17 18:42:59.808 [info] fatal: not a git repository (or any of the parent directories): .git
2025-03-17 18:43:13.245 [info] > git rev-parse --show-toplevel [1ms]
2025-03-17 18:43:13.245 [info] fatal: not a git repository (or any of the parent directories): .git
2025-03-17 18:43:16.203 [info] > git rev-parse --show-toplevel [1ms]
2025-03-17 18:43:16.203 [info] fatal: not a git repository (or any of the parent directories): .git
2025-03-17 18:43:19.727 [info] > git rev-parse --show-toplevel [1ms]
2025-03-17 18:43:19.728 [info] fatal: not a git repository (or any of the parent directories): .git
2025-03-17 18:44:07.448 [info] > git rev-parse --show-toplevel [1ms]
2025-03-17 18:44:07.448 [info] fatal: not a git repository (or any of the parent directories): .git
2025-03-17 18:44:08.927 [info] > git rev-parse --show-toplevel [1ms]
2025-03-17 18:44:08.927 [info] fatal: not a git repository (or any of the parent directories): .git
2025-03-17 18:44:09.753 [info] > git rev-parse --show-toplevel [1ms]
2025-03-17 18:44:09.753 [info] fatal: not a git repository (or any of the parent directories): .git
2025-03-17 18:44:10.047 [info] > git rev-parse --show-toplevel [1ms]
2025-03-17 18:44:10.047 [info] fatal: not a git repository (or any of the parent directories): .git
2025-03-17 18:47:31.273 [info] > git rev-parse --show-toplevel [1ms]
2025-03-17 18:47:31.273 [info] fatal: not a git repository (or any of the parent directories): .git
2025-03-17 18:48:18.286 [info] > git rev-parse --show-toplevel [1ms]
2025-03-17 18:48:18.286 [info] fatal: not a git repository (or any of the parent directories): .git
2025-03-17 18:48:47.015 [info] > git rev-parse --show-toplevel [2ms]
2025-03-17 18:48:47.015 [info] fatal: not a git repository (or any of the parent directories): .git
2025-03-17 18:49:09.241 [info] > git rev-parse --show-toplevel [1ms]
2025-03-17 18:49:09.241 [info] fatal: not a git repository (or any of the parent directories): .git
2025-03-17 19:02:21.996 [info] > git rev-parse --show-toplevel [1ms]
2025-03-17 19:02:21.996 [info] fatal: not a git repository (or any of the parent directories): .git
2025-03-17 19:02:22.453 [info] > git rev-parse --show-toplevel [1ms]
2025-03-17 19:02:22.453 [info] fatal: not a git repository (or any of the parent directories): .git
2025-03-17 19:02:27.713 [info] > git rev-parse --show-toplevel [1ms]
2025-03-17 19:02:27.713 [info] fatal: not a git repository (or any of the parent directories): .git
2025-03-17 19:02:30.521 [info] > git rev-parse --show-toplevel [1ms]
2025-03-17 19:02:30.521 [info] fatal: not a git repository (or any of the parent directories): .git
2025-03-17 19:02:31.099 [info] > git rev-parse --show-toplevel [2ms]
2025-03-17 19:02:31.099 [info] fatal: not a git repository (or any of the parent directories): .git
2025-03-17 19:02:35.644 [info] > git rev-parse --show-toplevel [1ms]
2025-03-17 19:02:35.644 [info] fatal: not a git repository (or any of the parent directories): .git
2025-03-17 19:02:37.121 [info] > git rev-parse --show-toplevel [1ms]
2025-03-17 19:02:37.121 [info] fatal: not a git repository (or any of the parent directories): .git
2025-03-17 19:02:37.586 [info] > git rev-parse --show-toplevel [1ms]
2025-03-17 19:02:37.586 [info] fatal: not a git repository (or any of the parent directories): .git
2025-03-17 19:02:38.955 [info] > git rev-parse --show-toplevel [1ms]
2025-03-17 19:02:38.955 [info] fatal: not a git repository (or any of the parent directories): .git
2025-03-17 19:02:39.392 [info] > git rev-parse --show-toplevel [1ms]
2025-03-17 19:02:39.392 [info] fatal: not a git repository (or any of the parent directories): .git
2025-03-17 19:02:42.718 [info] > git rev-parse --show-toplevel [2ms]
2025-03-17 19:02:42.718 [info] fatal: not a git repository (or any of the parent directories): .git
2025-03-17 19:02:43.140 [info] > git rev-parse --show-toplevel [1ms]
2025-03-17 19:02:43.140 [info] fatal: not a git repository (or any of the parent directories): .git
2025-03-17 19:02:45.065 [info] > git rev-parse --show-toplevel [1ms]
2025-03-17 19:02:45.066 [info] fatal: not a git repository (or any of the parent directories): .git
2025-03-17 19:02:45.527 [info] > git rev-parse --show-toplevel [1ms]
2025-03-17 19:02:45.527 [info] fatal: not a git repository (or any of the parent directories): .git
2025-03-17 19:02:47.400 [info] > git rev-parse --show-toplevel [1ms]
2025-03-17 19:02:47.400 [info] fatal: not a git repository (or any of the parent directories): .git
2025-03-17 19:02:48.869 [info] > git rev-parse --show-toplevel [1ms]
2025-03-17 19:02:48.869 [info] fatal: not a git repository (or any of the parent directories): .git
2025-03-17 19:02:51.289 [info] > git rev-parse --show-toplevel [1ms]
2025-03-17 19:02:51.289 [info] fatal: not a git repository (or any of the parent directories): .git
2025-03-17 19:02:51.505 [info] > git rev-parse --show-toplevel [1ms]
2025-03-17 19:02:51.505 [info] fatal: not a git repository (or any of the parent directories): .git
