2025-03-12 11:16:16.393 [info] Getting Manifest... catppuccin.catppuccin-vsc
2025-03-12 11:16:16.482 [info] Installing extension: catppuccin.catppuccin-vsc {"isMachineScoped":false,"installPreReleaseVersion":false,"pinned":false,"profileLocation":{"$mid":1,"external":"vscode-userdata:/home/xema/.vscode-oss/extensions/extensions.json","path":"/home/xema/.vscode-oss/extensions/extensions.json","scheme":"vscode-userdata"},"isApplicationScoped":false,"productVersion":{"version":"1.98.1","date":"2025-03-11T18:23:08.826Z"}}
2025-03-12 11:16:16.910 [info] Extracted extension to file:///home/xema/.vscode-oss/extensions/catppuccin.catppuccin-vsc-3.16.1: catppuccin.catppuccin-vsc
2025-03-12 11:16:16.912 [info] Renamed to /home/xema/.vscode-oss/extensions/catppuccin.catppuccin-vsc-3.16.1
2025-03-12 11:16:16.918 [info] Extension installed successfully: catppuccin.catppuccin-vsc vscode-userdata:/home/xema/.vscode-oss/extensions/extensions.json
2025-03-12 11:16:18.256 [info] Getting Manifest... catppuccin.catppuccin-vsc-icons
2025-03-12 11:16:18.267 [info] Installing extension: catppuccin.catppuccin-vsc-icons {"isMachineScoped":false,"installPreReleaseVersion":false,"pinned":false,"profileLocation":{"$mid":1,"external":"vscode-userdata:/home/xema/.vscode-oss/extensions/extensions.json","path":"/home/xema/.vscode-oss/extensions/extensions.json","scheme":"vscode-userdata"},"isApplicationScoped":false,"productVersion":{"version":"1.98.1","date":"2025-03-11T18:23:08.826Z"}}
2025-03-12 11:16:19.326 [info] Extracted extension to file:///home/xema/.vscode-oss/extensions/catppuccin.catppuccin-vsc-icons-1.18.0: catppuccin.catppuccin-vsc-icons
2025-03-12 11:16:19.359 [info] Renamed to /home/xema/.vscode-oss/extensions/catppuccin.catppuccin-vsc-icons-1.18.0
2025-03-12 11:16:19.366 [info] Extension installed successfully: catppuccin.catppuccin-vsc-icons vscode-userdata:/home/xema/.vscode-oss/extensions/extensions.json
2025-03-12 11:28:35.031 [info] Getting Manifest... ms-vscode.cpptools
2025-03-12 11:28:35.118 [info] Installing extension: ms-vscode.cpptools {"isMachineScoped":false,"installPreReleaseVersion":false,"pinned":false,"profileLocation":{"$mid":1,"external":"vscode-userdata:/home/xema/.vscode-oss/extensions/extensions.json","path":"/home/xema/.vscode-oss/extensions/extensions.json","scheme":"vscode-userdata"},"isApplicationScoped":false,"productVersion":{"version":"1.98.1","date":"2025-03-11T18:23:08.826Z"}}
2025-03-12 11:28:43.226 [info] Extracted extension to file:///home/xema/.vscode-oss/extensions/ms-vscode.cpptools-1.23.6-linux-x64: ms-vscode.cpptools
2025-03-12 11:28:43.238 [info] Renamed to /home/xema/.vscode-oss/extensions/ms-vscode.cpptools-1.23.6-linux-x64
2025-03-12 11:28:43.253 [info] Extension installed successfully: ms-vscode.cpptools vscode-userdata:/home/xema/.vscode-oss/extensions/extensions.json
2025-03-12 11:29:24.640 [info] Getting Manifest... esbenp.prettier-vscode
2025-03-12 11:29:24.774 [info] Installing extension: esbenp.prettier-vscode {"isMachineScoped":false,"installPreReleaseVersion":false,"pinned":false,"profileLocation":{"$mid":1,"external":"vscode-userdata:/home/xema/.vscode-oss/extensions/extensions.json","path":"/home/xema/.vscode-oss/extensions/extensions.json","scheme":"vscode-userdata"},"isApplicationScoped":false,"productVersion":{"version":"1.98.1","date":"2025-03-11T18:23:08.826Z"}}
2025-03-12 11:29:25.403 [info] Extracted extension to file:///home/xema/.vscode-oss/extensions/esbenp.prettier-vscode-11.0.0: esbenp.prettier-vscode
2025-03-12 11:29:25.405 [info] Renamed to /home/xema/.vscode-oss/extensions/esbenp.prettier-vscode-11.0.0
2025-03-12 11:29:25.416 [info] Extension installed successfully: esbenp.prettier-vscode vscode-userdata:/home/xema/.vscode-oss/extensions/extensions.json
