2025-03-13 20:55:05.007 [info] [main] Log level: Info
2025-03-13 20:55:05.007 [info] [main] Validating found git in: "git"
2025-03-13 20:55:05.007 [info] [main] Using git "2.48.1" from "git"
2025-03-13 20:55:05.007 [info] [Model][doInitialScan] Initial repository scan started
2025-03-13 20:55:05.007 [info] > git rev-parse --show-toplevel [22ms]
2025-03-13 20:55:05.007 [info] fatal: not a git repository (or any of the parent directories): .git
2025-03-13 20:55:05.007 [info] > git rev-parse --show-toplevel [48ms]
2025-03-13 20:55:05.007 [info] fatal: not a git repository (or any of the parent directories): .git
2025-03-13 20:55:05.013 [info] > git rev-parse --show-toplevel [1ms]
2025-03-13 20:55:05.013 [info] fatal: not a git repository (or any of the parent directories): .git
2025-03-13 20:55:05.017 [info] > git rev-parse --show-toplevel [1ms]
2025-03-13 20:55:05.017 [info] fatal: not a git repository (or any of the parent directories): .git
2025-03-13 20:55:05.021 [info] > git rev-parse --show-toplevel [1ms]
2025-03-13 20:55:05.021 [info] fatal: not a git repository (or any of the parent directories): .git
2025-03-13 20:55:05.024 [info] > git rev-parse --show-toplevel [1ms]
2025-03-13 20:55:05.024 [info] fatal: not a git repository (or any of the parent directories): .git
2025-03-13 20:55:05.028 [info] > git rev-parse --show-toplevel [0ms]
2025-03-13 20:55:05.028 [info] fatal: not a git repository (or any of the parent directories): .git
2025-03-13 20:55:05.031 [info] > git rev-parse --show-toplevel [1ms]
2025-03-13 20:55:05.031 [info] fatal: not a git repository (or any of the parent directories): .git
2025-03-13 20:55:05.031 [info] [Model][doInitialScan] Initial repository scan completed - repositories (0), closed repositories (0), parent repositories (0), unsafe repositories (0)
2025-03-13 20:55:06.244 [info] > git rev-parse --show-toplevel [3ms]
2025-03-13 20:55:06.244 [info] fatal: not a git repository (or any of the parent directories): .git
2025-03-13 20:58:24.320 [info] > git rev-parse --show-toplevel [1ms]
2025-03-13 20:58:24.320 [info] fatal: not a git repository (or any of the parent directories): .git
2025-03-13 20:58:24.324 [info] > git rev-parse --show-toplevel [0ms]
2025-03-13 20:58:24.324 [info] fatal: not a git repository (or any of the parent directories): .git
2025-03-13 20:58:27.537 [info] > git rev-parse --show-toplevel [1ms]
2025-03-13 20:58:27.537 [info] fatal: not a git repository (or any of the parent directories): .git
2025-03-13 20:58:27.575 [info] > git rev-parse --show-toplevel [1ms]
2025-03-13 20:58:27.575 [info] fatal: not a git repository (or any of the parent directories): .git
2025-03-13 20:58:27.579 [info] > git rev-parse --show-toplevel [0ms]
2025-03-13 20:58:27.579 [info] fatal: not a git repository (or any of the parent directories): .git
2025-03-13 20:58:38.419 [info] > git rev-parse --show-toplevel [1ms]
2025-03-13 20:58:38.419 [info] fatal: not a git repository (or any of the parent directories): .git
2025-03-13 21:02:24.915 [info] > git rev-parse --show-toplevel [1ms]
2025-03-13 21:02:24.915 [info] fatal: not a git repository (or any of the parent directories): .git
2025-03-13 21:02:24.921 [info] > git rev-parse --show-toplevel [1ms]
2025-03-13 21:02:24.921 [info] fatal: not a git repository (or any of the parent directories): .git
2025-03-13 21:03:41.736 [info] > git rev-parse --show-toplevel [1ms]
2025-03-13 21:03:41.736 [info] fatal: not a git repository (or any of the parent directories): .git
2025-03-13 21:04:05.959 [info] > git rev-parse --show-toplevel [1ms]
2025-03-13 21:04:05.959 [info] fatal: not a git repository (or any of the parent directories): .git
2025-03-13 21:04:05.964 [info] > git rev-parse --show-toplevel [0ms]
2025-03-13 21:04:05.964 [info] fatal: not a git repository (or any of the parent directories): .git
2025-03-13 21:04:23.579 [info] > git rev-parse --show-toplevel [1ms]
2025-03-13 21:04:23.579 [info] fatal: not a git repository (or any of the parent directories): .git
2025-03-13 21:04:24.922 [info] > git rev-parse --show-toplevel [1ms]
2025-03-13 21:04:24.922 [info] fatal: not a git repository (or any of the parent directories): .git
2025-03-13 21:04:24.927 [info] > git rev-parse --show-toplevel [0ms]
2025-03-13 21:04:24.927 [info] fatal: not a git repository (or any of the parent directories): .git
2025-03-13 21:09:18.668 [info] > git rev-parse --show-toplevel [0ms]
2025-03-13 21:09:18.668 [info] fatal: not a git repository (or any of the parent directories): .git
2025-03-13 21:13:58.210 [info] > git rev-parse --show-toplevel [3ms]
2025-03-13 21:13:58.210 [info] fatal: not a git repository (or any of the parent directories): .git
2025-03-13 21:13:58.215 [info] > git rev-parse --show-toplevel [0ms]
2025-03-13 21:13:58.215 [info] fatal: not a git repository (or any of the parent directories): .git
2025-03-13 21:14:02.546 [info] > git rev-parse --show-toplevel [1ms]
2025-03-13 21:14:02.546 [info] fatal: not a git repository (or any of the parent directories): .git
2025-03-13 21:14:08.933 [info] > git rev-parse --show-toplevel [1ms]
2025-03-13 21:14:08.933 [info] fatal: not a git repository (or any of the parent directories): .git
2025-03-13 21:14:08.938 [info] > git rev-parse --show-toplevel [0ms]
2025-03-13 21:14:08.938 [info] fatal: not a git repository (or any of the parent directories): .git
2025-03-13 21:14:10.706 [info] > git rev-parse --show-toplevel [1ms]
2025-03-13 21:14:10.706 [info] fatal: not a git repository (or any of the parent directories): .git
2025-03-13 21:14:11.724 [info] > git rev-parse --show-toplevel [1ms]
2025-03-13 21:14:11.724 [info] fatal: not a git repository (or any of the parent directories): .git
2025-03-13 21:14:11.729 [info] > git rev-parse --show-toplevel [0ms]
2025-03-13 21:14:11.729 [info] fatal: not a git repository (or any of the parent directories): .git
2025-03-13 21:14:13.751 [info] > git rev-parse --show-toplevel [1ms]
2025-03-13 21:14:13.751 [info] fatal: not a git repository (or any of the parent directories): .git
2025-03-13 21:17:31.387 [info] > git rev-parse --show-toplevel [1ms]
2025-03-13 21:17:31.387 [info] fatal: not a git repository (or any of the parent directories): .git
2025-03-13 21:17:32.312 [info] > git rev-parse --show-toplevel [2ms]
2025-03-13 21:17:32.312 [info] fatal: not a git repository (or any of the parent directories): .git
2025-03-13 21:17:33.489 [info] > git rev-parse --show-toplevel [1ms]
2025-03-13 21:17:33.489 [info] fatal: not a git repository (or any of the parent directories): .git
2025-03-13 21:17:33.495 [info] > git rev-parse --show-toplevel [1ms]
2025-03-13 21:17:33.495 [info] fatal: not a git repository (or any of the parent directories): .git
2025-03-13 21:19:12.251 [info] > git rev-parse --show-toplevel [1ms]
2025-03-13 21:19:12.251 [info] fatal: not a git repository (or any of the parent directories): .git
2025-03-13 21:20:09.614 [info] > git rev-parse --show-toplevel [1ms]
2025-03-13 21:20:09.614 [info] fatal: not a git repository (or any of the parent directories): .git
2025-03-13 21:20:09.620 [info] > git rev-parse --show-toplevel [1ms]
2025-03-13 21:20:09.620 [info] fatal: not a git repository (or any of the parent directories): .git
2025-03-13 21:20:16.925 [info] > git rev-parse --show-toplevel [0ms]
2025-03-13 21:20:16.925 [info] fatal: not a git repository (or any of the parent directories): .git
2025-03-13 21:22:43.372 [info] > git rev-parse --show-toplevel [0ms]
2025-03-13 21:22:43.372 [info] fatal: not a git repository (or any of the parent directories): .git
2025-03-13 21:22:43.376 [info] > git rev-parse --show-toplevel [0ms]
2025-03-13 21:22:43.376 [info] fatal: not a git repository (or any of the parent directories): .git
2025-03-13 21:26:55.793 [info] > git rev-parse --show-toplevel [1ms]
2025-03-13 21:26:55.793 [info] fatal: not a git repository (or any of the parent directories): .git
2025-03-13 21:27:31.725 [info] > git rev-parse --show-toplevel [1ms]
2025-03-13 21:27:31.725 [info] fatal: not a git repository (or any of the parent directories): .git
2025-03-13 21:27:31.731 [info] > git rev-parse --show-toplevel [1ms]
2025-03-13 21:27:31.731 [info] fatal: not a git repository (or any of the parent directories): .git
2025-03-13 21:31:21.264 [info] > git rev-parse --show-toplevel [1ms]
2025-03-13 21:31:21.264 [info] fatal: not a git repository (or any of the parent directories): .git
2025-03-13 21:38:26.519 [info] > git rev-parse --show-toplevel [1ms]
2025-03-13 21:38:26.519 [info] fatal: not a git repository (or any of the parent directories): .git
2025-03-13 21:38:26.523 [info] > git rev-parse --show-toplevel [1ms]
2025-03-13 21:38:26.523 [info] fatal: not a git repository (or any of the parent directories): .git
2025-03-13 21:43:06.804 [info] > git rev-parse --show-toplevel [1ms]
2025-03-13 21:43:06.804 [info] fatal: not a git repository (or any of the parent directories): .git
2025-03-13 21:43:09.370 [info] > git rev-parse --show-toplevel [1ms]
2025-03-13 21:43:09.370 [info] fatal: not a git repository (or any of the parent directories): .git
2025-03-13 21:43:09.375 [info] > git rev-parse --show-toplevel [1ms]
2025-03-13 21:43:09.375 [info] fatal: not a git repository (or any of the parent directories): .git
2025-03-13 21:43:11.428 [info] > git rev-parse --show-toplevel [0ms]
2025-03-13 21:43:11.428 [info] fatal: not a git repository (or any of the parent directories): .git
2025-03-13 21:43:11.459 [info] > git rev-parse --show-toplevel [1ms]
2025-03-13 21:43:11.459 [info] fatal: not a git repository (or any of the parent directories): .git
2025-03-13 21:43:11.464 [info] > git rev-parse --show-toplevel [0ms]
2025-03-13 21:43:11.464 [info] fatal: not a git repository (or any of the parent directories): .git
2025-03-13 21:44:00.769 [info] > git rev-parse --show-toplevel [1ms]
2025-03-13 21:44:00.769 [info] fatal: not a git repository (or any of the parent directories): .git
