2025-03-17 13:41:20.910 [info] [main] Log level: Info
2025-03-17 13:41:20.910 [info] [main] Validating found git in: "git"
2025-03-17 13:41:20.910 [info] [main] Using git "2.49.0" from "git"
2025-03-17 13:41:20.910 [info] [Model][doInitialScan] Initial repository scan started
2025-03-17 13:41:20.910 [info] > git rev-parse --show-toplevel [5ms]
2025-03-17 13:41:20.910 [info] fatal: not a git repository (or any of the parent directories): .git
2025-03-17 13:41:20.910 [info] > git rev-parse --show-toplevel [20ms]
2025-03-17 13:41:20.910 [info] fatal: not a git repository (or any of the parent directories): .git
2025-03-17 13:41:20.927 [info] > git rev-parse --show-toplevel [7ms]
2025-03-17 13:41:20.927 [info] fatal: not a git repository (or any of the parent directories): .git
2025-03-17 13:41:20.934 [info] > git rev-parse --show-toplevel [2ms]
2025-03-17 13:41:20.934 [info] fatal: not a git repository (or any of the parent directories): .git
2025-03-17 13:41:20.940 [info] > git rev-parse --show-toplevel [1ms]
2025-03-17 13:41:20.940 [info] fatal: not a git repository (or any of the parent directories): .git
2025-03-17 13:41:20.944 [info] > git rev-parse --show-toplevel [1ms]
2025-03-17 13:41:20.944 [info] fatal: not a git repository (or any of the parent directories): .git
2025-03-17 13:41:20.947 [info] > git rev-parse --show-toplevel [1ms]
2025-03-17 13:41:20.947 [info] fatal: not a git repository (or any of the parent directories): .git
2025-03-17 13:41:20.951 [info] > git rev-parse --show-toplevel [1ms]
2025-03-17 13:41:20.951 [info] fatal: not a git repository (or any of the parent directories): .git
2025-03-17 13:41:20.951 [info] [Model][doInitialScan] Initial repository scan completed - repositories (0), closed repositories (0), parent repositories (0), unsafe repositories (0)
