2025-03-12 11:15:16.331 [info] [main] Log level: Info
2025-03-12 11:15:16.331 [info] [main] Validating found git in: "git"
2025-03-12 11:15:16.331 [info] [main] Using git "2.48.1" from "git"
2025-03-12 11:15:16.331 [info] [Model][doInitialScan] Initial repository scan started
2025-03-12 11:15:16.331 [info] [Model][doInitialScan] Initial repository scan completed - repositories (0), closed repositories (0), parent repositories (0), unsafe repositories (0)
2025-03-12 11:17:04.122 [info] [main] Log level: Info
2025-03-12 11:17:04.122 [info] [main] Validating found git in: "git"
2025-03-12 11:17:04.122 [info] [main] Using git "2.48.1" from "git"
2025-03-12 11:17:04.122 [info] [Model][doInitialScan] Initial repository scan started
2025-03-12 11:17:04.122 [info] > git rev-parse --show-toplevel [67ms]
2025-03-12 11:17:04.122 [info] fatal: not a git repository (or any of the parent directories): .git
2025-03-12 11:17:04.126 [info] > git rev-parse --show-toplevel [1ms]
2025-03-12 11:17:04.126 [info] fatal: not a git repository (or any of the parent directories): .git
2025-03-12 11:17:04.129 [info] > git rev-parse --show-toplevel [0ms]
2025-03-12 11:17:04.129 [info] fatal: not a git repository (or any of the parent directories): .git
2025-03-12 11:17:04.132 [info] > git rev-parse --show-toplevel [0ms]
2025-03-12 11:17:04.132 [info] fatal: not a git repository (or any of the parent directories): .git
2025-03-12 11:17:04.135 [info] > git rev-parse --show-toplevel [0ms]
2025-03-12 11:17:04.135 [info] fatal: not a git repository (or any of the parent directories): .git
2025-03-12 11:17:04.138 [info] > git rev-parse --show-toplevel [0ms]
2025-03-12 11:17:04.138 [info] fatal: not a git repository (or any of the parent directories): .git
2025-03-12 11:17:04.138 [info] [Model][doInitialScan] Initial repository scan completed - repositories (0), closed repositories (0), parent repositories (0), unsafe repositories (0)
2025-03-12 11:17:22.609 [info] > git rev-parse --show-toplevel [0ms]
2025-03-12 11:17:22.609 [info] fatal: not a git repository (or any of the parent directories): .git
2025-03-12 11:17:34.029 [info] > git rev-parse --show-toplevel [19ms]
2025-03-12 11:17:34.029 [info] fatal: not a git repository (or any of the parent directories): .git
2025-03-12 11:17:35.226 [info] > git rev-parse --show-toplevel [0ms]
2025-03-12 11:17:35.226 [info] fatal: not a git repository (or any of the parent directories): .git
2025-03-12 11:17:44.357 [info] > git rev-parse --show-toplevel [1ms]
2025-03-12 11:17:44.357 [info] fatal: not a git repository (or any of the parent directories): .git
2025-03-12 11:17:49.107 [info] > git rev-parse --show-toplevel [0ms]
2025-03-12 11:17:49.107 [info] fatal: not a git repository (or any of the parent directories): .git
2025-03-12 11:17:55.945 [info] > git rev-parse --show-toplevel [0ms]
2025-03-12 11:17:55.945 [info] fatal: not a git repository (or any of the parent directories): .git
2025-03-12 11:17:57.014 [info] > git rev-parse --show-toplevel [1ms]
2025-03-12 11:17:57.014 [info] fatal: not a git repository (or any of the parent directories): .git
2025-03-12 11:17:59.644 [info] > git rev-parse --show-toplevel [0ms]
2025-03-12 11:17:59.644 [info] fatal: not a git repository (or any of the parent directories): .git
2025-03-12 11:18:00.705 [info] > git rev-parse --show-toplevel [1ms]
2025-03-12 11:18:00.705 [info] fatal: not a git repository (or any of the parent directories): .git
2025-03-12 11:18:05.200 [info] > git rev-parse --show-toplevel [1ms]
2025-03-12 11:18:05.200 [info] fatal: not a git repository (or any of the parent directories): .git
2025-03-12 11:18:05.293 [info] > git rev-parse --show-toplevel [0ms]
2025-03-12 11:18:05.293 [info] fatal: not a git repository (or any of the parent directories): .git
2025-03-12 11:18:09.349 [info] > git rev-parse --show-toplevel [1ms]
2025-03-12 11:18:09.349 [info] fatal: not a git repository (or any of the parent directories): .git
2025-03-12 11:18:34.219 [info] > git rev-parse --show-toplevel [1ms]
2025-03-12 11:18:34.219 [info] fatal: not a git repository (or any of the parent directories): .git
2025-03-12 11:18:34.516 [info] > git rev-parse --show-toplevel [0ms]
2025-03-12 11:18:34.516 [info] fatal: not a git repository (or any of the parent directories): .git
2025-03-12 11:18:37.075 [info] > git rev-parse --show-toplevel [1ms]
2025-03-12 11:18:37.075 [info] fatal: not a git repository (or any of the parent directories): .git
2025-03-12 11:18:42.862 [info] > git rev-parse --show-toplevel [1ms]
2025-03-12 11:18:42.862 [info] fatal: not a git repository (or any of the parent directories): .git
2025-03-12 11:18:43.606 [info] > git rev-parse --show-toplevel [0ms]
2025-03-12 11:18:43.606 [info] fatal: not a git repository (or any of the parent directories): .git
2025-03-12 11:19:48.767 [info] > git rev-parse --show-toplevel [1ms]
2025-03-12 11:19:48.767 [info] fatal: not a git repository (or any of the parent directories): .git
2025-03-12 11:19:51.102 [info] > git rev-parse --show-toplevel [0ms]
2025-03-12 11:19:51.102 [info] fatal: not a git repository (or any of the parent directories): .git
2025-03-12 11:20:03.760 [info] > git rev-parse --show-toplevel [1ms]
2025-03-12 11:20:03.760 [info] fatal: not a git repository (or any of the parent directories): .git
2025-03-12 11:20:08.752 [info] > git rev-parse --show-toplevel [1ms]
2025-03-12 11:20:08.752 [info] fatal: not a git repository (or any of the parent directories): .git
2025-03-12 11:20:17.975 [info] > git rev-parse --show-toplevel [0ms]
2025-03-12 11:20:17.975 [info] fatal: not a git repository (or any of the parent directories): .git
2025-03-12 11:20:32.146 [info] > git rev-parse --show-toplevel [1ms]
2025-03-12 11:20:32.146 [info] fatal: not a git repository (or any of the parent directories): .git
2025-03-12 11:20:40.983 [info] > git rev-parse --show-toplevel [1ms]
2025-03-12 11:20:40.983 [info] fatal: not a git repository (or any of the parent directories): .git
2025-03-12 11:20:43.177 [info] > git rev-parse --show-toplevel [0ms]
2025-03-12 11:20:43.177 [info] fatal: not a git repository (or any of the parent directories): .git
2025-03-12 11:20:43.604 [info] > git rev-parse --show-toplevel [1ms]
2025-03-12 11:20:43.604 [info] fatal: not a git repository (or any of the parent directories): .git
2025-03-12 11:20:47.697 [info] > git rev-parse --show-toplevel [1ms]
2025-03-12 11:20:47.697 [info] fatal: not a git repository (or any of the parent directories): .git
2025-03-12 11:21:09.542 [info] > git rev-parse --show-toplevel [2ms]
2025-03-12 11:21:09.542 [info] fatal: not a git repository (or any of the parent directories): .git
2025-03-12 11:21:09.882 [info] > git rev-parse --show-toplevel [0ms]
2025-03-12 11:21:09.883 [info] fatal: not a git repository (or any of the parent directories): .git
2025-03-12 11:21:13.718 [info] > git rev-parse --show-toplevel [1ms]
2025-03-12 11:21:13.718 [info] fatal: not a git repository (or any of the parent directories): .git
2025-03-12 11:21:14.036 [info] > git rev-parse --show-toplevel [1ms]
2025-03-12 11:21:14.036 [info] fatal: not a git repository (or any of the parent directories): .git
2025-03-12 11:21:19.519 [info] > git rev-parse --show-toplevel [1ms]
2025-03-12 11:21:19.519 [info] fatal: not a git repository (or any of the parent directories): .git
2025-03-12 11:21:19.859 [info] > git rev-parse --show-toplevel [1ms]
2025-03-12 11:21:19.859 [info] fatal: not a git repository (or any of the parent directories): .git
2025-03-12 11:21:25.073 [info] > git rev-parse --show-toplevel [1ms]
2025-03-12 11:21:25.073 [info] fatal: not a git repository (or any of the parent directories): .git
2025-03-12 11:21:25.679 [info] > git rev-parse --show-toplevel [0ms]
2025-03-12 11:21:25.679 [info] fatal: not a git repository (or any of the parent directories): .git
2025-03-12 11:21:35.632 [info] > git rev-parse --show-toplevel [1ms]
2025-03-12 11:21:35.632 [info] fatal: not a git repository (or any of the parent directories): .git
2025-03-12 11:21:35.965 [info] > git rev-parse --show-toplevel [0ms]
2025-03-12 11:21:35.965 [info] fatal: not a git repository (or any of the parent directories): .git
2025-03-12 11:21:54.266 [info] > git rev-parse --show-toplevel [1ms]
2025-03-12 11:21:54.266 [info] fatal: not a git repository (or any of the parent directories): .git
2025-03-12 11:22:28.580 [info] > git rev-parse --show-toplevel [0ms]
2025-03-12 11:22:28.580 [info] fatal: not a git repository (or any of the parent directories): .git
2025-03-12 11:22:42.660 [info] > git rev-parse --show-toplevel [1ms]
2025-03-12 11:22:42.660 [info] fatal: not a git repository (or any of the parent directories): .git
2025-03-12 11:22:51.123 [info] > git rev-parse --show-toplevel [1ms]
2025-03-12 11:22:51.123 [info] fatal: not a git repository (or any of the parent directories): .git
2025-03-12 11:22:58.831 [info] > git rev-parse --show-toplevel [1ms]
2025-03-12 11:22:58.831 [info] fatal: not a git repository (or any of the parent directories): .git
2025-03-12 11:23:12.835 [info] > git rev-parse --show-toplevel [1ms]
2025-03-12 11:23:12.835 [info] fatal: not a git repository (or any of the parent directories): .git
2025-03-12 11:23:31.231 [info] > git rev-parse --show-toplevel [1ms]
2025-03-12 11:23:31.231 [info] fatal: not a git repository (or any of the parent directories): .git
2025-03-12 11:23:36.395 [info] > git rev-parse --show-toplevel [1ms]
2025-03-12 11:23:36.395 [info] fatal: not a git repository (or any of the parent directories): .git
2025-03-12 11:23:43.829 [info] > git rev-parse --show-toplevel [1ms]
2025-03-12 11:23:43.829 [info] fatal: not a git repository (or any of the parent directories): .git
2025-03-12 11:24:17.472 [info] > git rev-parse --show-toplevel [1ms]
2025-03-12 11:24:17.472 [info] fatal: not a git repository (or any of the parent directories): .git
2025-03-12 11:25:57.820 [info] > git rev-parse --show-toplevel [0ms]
2025-03-12 11:25:57.820 [info] fatal: not a git repository (or any of the parent directories): .git
2025-03-12 11:25:59.271 [info] > git rev-parse --show-toplevel [0ms]
2025-03-12 11:25:59.271 [info] fatal: not a git repository (or any of the parent directories): .git
2025-03-12 11:25:59.677 [info] > git rev-parse --show-toplevel [1ms]
2025-03-12 11:25:59.677 [info] fatal: not a git repository (or any of the parent directories): .git
2025-03-12 11:25:59.971 [info] > git rev-parse --show-toplevel [0ms]
2025-03-12 11:25:59.971 [info] fatal: not a git repository (or any of the parent directories): .git
2025-03-12 11:26:02.545 [info] > git rev-parse --show-toplevel [0ms]
2025-03-12 11:26:02.545 [info] fatal: not a git repository (or any of the parent directories): .git
2025-03-12 11:26:04.239 [info] > git rev-parse --show-toplevel [0ms]
2025-03-12 11:26:04.239 [info] fatal: not a git repository (or any of the parent directories): .git
2025-03-12 11:26:31.892 [info] > git rev-parse --show-toplevel [1ms]
2025-03-12 11:26:31.892 [info] fatal: not a git repository (or any of the parent directories): .git
2025-03-12 11:27:54.783 [info] > git rev-parse --show-toplevel [1ms]
2025-03-12 11:27:54.783 [info] fatal: not a git repository (or any of the parent directories): .git
2025-03-12 11:27:58.225 [info] > git rev-parse --show-toplevel [1ms]
2025-03-12 11:27:58.225 [info] fatal: not a git repository (or any of the parent directories): .git
2025-03-12 11:27:58.525 [info] > git rev-parse --show-toplevel [1ms]
2025-03-12 11:27:58.525 [info] fatal: not a git repository (or any of the parent directories): .git
2025-03-12 11:28:00.159 [info] > git rev-parse --show-toplevel [0ms]
2025-03-12 11:28:00.159 [info] fatal: not a git repository (or any of the parent directories): .git
2025-03-12 11:28:00.554 [info] > git rev-parse --show-toplevel [1ms]
2025-03-12 11:28:00.554 [info] fatal: not a git repository (or any of the parent directories): .git
2025-03-12 11:28:22.421 [info] > git rev-parse --show-toplevel [0ms]
2025-03-12 11:28:22.421 [info] fatal: not a git repository (or any of the parent directories): .git
2025-03-12 11:28:43.288 [info] > git rev-parse --show-toplevel [1ms]
2025-03-12 11:28:43.288 [info] fatal: not a git repository (or any of the parent directories): .git
2025-03-12 11:29:25.457 [info] > git rev-parse --show-toplevel [2ms]
2025-03-12 11:29:25.457 [info] fatal: not a git repository (or any of the parent directories): .git
2025-03-12 11:30:11.319 [info] > git rev-parse --show-toplevel [2ms]
2025-03-12 11:30:11.319 [info] fatal: not a git repository (or any of the parent directories): .git
2025-03-12 11:30:52.356 [info] > git rev-parse --show-toplevel [2ms]
2025-03-12 11:30:52.356 [info] fatal: not a git repository (or any of the parent directories): .git
2025-03-12 11:31:00.938 [info] > git rev-parse --show-toplevel [3ms]
2025-03-12 11:31:00.938 [info] fatal: not a git repository (or any of the parent directories): .git
2025-03-12 11:31:04.961 [info] > git rev-parse --show-toplevel [1ms]
2025-03-12 11:31:04.961 [info] fatal: not a git repository (or any of the parent directories): .git
2025-03-12 11:31:06.302 [info] > git rev-parse --show-toplevel [2ms]
2025-03-12 11:31:06.302 [info] fatal: not a git repository (or any of the parent directories): .git
2025-03-12 18:36:41.558 [info] > git rev-parse --show-toplevel [1ms]
2025-03-12 18:36:41.558 [info] fatal: not a git repository (or any of the parent directories): .git
2025-03-12 18:48:33.961 [info] > git rev-parse --show-toplevel [2ms]
2025-03-12 18:48:33.961 [info] fatal: not a git repository (or any of the parent directories): .git
