2025-03-17 13:41:36.812 [info] Getting Manifest... catppuccin.catppuccin-vsc-icons
2025-03-17 13:41:37.488 [info] Installing extension: catppuccin.catppuccin-vsc-icons {"productVersion":{"version":"1.98.1","date":"2025-03-11T18:23:08.826Z"},"pinned":false,"operation":3,"isApplicationScoped":false,"profileLocation":{"$mid":1,"external":"vscode-userdata:/home/xema/.vscode-oss/extensions/extensions.json","path":"/home/xema/.vscode-oss/extensions/extensions.json","scheme":"vscode-userdata"}}
2025-03-17 13:41:38.735 [info] Extracted extension to file:///home/xema/.vscode-oss/extensions/catppuccin.catppuccin-vsc-icons-1.19.0-universal: catppuccin.catppuccin-vsc-icons
2025-03-17 13:41:38.781 [info] Renamed to /home/xema/.vscode-oss/extensions/catppuccin.catppuccin-vsc-icons-1.19.0-universal
2025-03-17 13:41:38.788 [info] Marked extension as removed catppuccin.catppuccin-vsc-icons-1.18.0
2025-03-17 13:41:38.794 [info] Extension installed successfully: catppuccin.catppuccin-vsc-icons vscode-userdata:/home/xema/.vscode-oss/extensions/extensions.json
2025-03-17 18:10:53.827 [info] Getting Manifest... catppuccin.catppuccin-vsc-icons
2025-03-17 18:10:53.932 [info] Installing extension: catppuccin.catppuccin-vsc-icons {"productVersion":{"version":"1.98.1","date":"2025-03-11T18:23:08.826Z"},"pinned":false,"operation":3,"isApplicationScoped":false,"profileLocation":{"$mid":1,"external":"vscode-userdata:/home/xema/.vscode-oss/extensions/extensions.json","path":"/home/xema/.vscode-oss/extensions/extensions.json","scheme":"vscode-userdata"}}
2025-03-17 18:10:53.960 [info] Extension installed successfully: catppuccin.catppuccin-vsc-icons vscode-userdata:/home/xema/.vscode-oss/extensions/extensions.json
2025-03-17 18:13:49.386 [info] Getting Manifest... alexdauenhauer.catppuccin-noctis
2025-03-17 18:13:49.482 [info] Installing extension: alexdauenhauer.catppuccin-noctis {"isMachineScoped":false,"installPreReleaseVersion":false,"pinned":false,"profileLocation":{"$mid":1,"external":"vscode-userdata:/home/xema/.vscode-oss/extensions/extensions.json","path":"/home/xema/.vscode-oss/extensions/extensions.json","scheme":"vscode-userdata"},"isApplicationScoped":false,"productVersion":{"version":"1.98.1","date":"2025-03-11T18:23:08.826Z"}}
2025-03-17 18:13:50.210 [info] Extracted extension to file:///home/xema/.vscode-oss/extensions/alexdauenhauer.catppuccin-noctis-3.1.5: alexdauenhauer.catppuccin-noctis
2025-03-17 18:13:50.212 [info] Renamed to /home/xema/.vscode-oss/extensions/alexdauenhauer.catppuccin-noctis-3.1.5
2025-03-17 18:13:50.223 [info] Extension installed successfully: alexdauenhauer.catppuccin-noctis vscode-userdata:/home/xema/.vscode-oss/extensions/extensions.json
2025-03-17 18:14:55.911 [info] Uninstalling extension from the profile: alexdauenhauer.catppuccin-noctis@3.1.5 vscode-userdata:/home/xema/.vscode-oss/extensions/extensions.json
2025-03-17 18:14:55.923 [info] Marked extension as removed alexdauenhauer.catppuccin-noctis-3.1.5
2025-03-17 18:14:56.467 [info] Successfully uninstalled extension from the profile alexdauenhauer.catppuccin-noctis@3.1.5 vscode-userdata:/home/xema/.vscode-oss/extensions/extensions.json
2025-03-17 18:17:01.190 [info] Getting Manifest... antfu.icons-carbon
2025-03-17 18:17:01.258 [info] Installing extension: antfu.icons-carbon {"isMachineScoped":false,"installPreReleaseVersion":false,"pinned":false,"profileLocation":{"$mid":1,"external":"vscode-userdata:/home/xema/.vscode-oss/extensions/extensions.json","path":"/home/xema/.vscode-oss/extensions/extensions.json","scheme":"vscode-userdata"},"isApplicationScoped":false,"productVersion":{"version":"1.98.1","date":"2025-03-11T18:23:08.826Z"}}
2025-03-17 18:17:01.660 [info] Extracted extension to file:///home/xema/.vscode-oss/extensions/antfu.icons-carbon-0.2.6: antfu.icons-carbon
2025-03-17 18:17:01.661 [info] Renamed to /home/xema/.vscode-oss/extensions/antfu.icons-carbon-0.2.6
2025-03-17 18:17:01.668 [info] Extension installed successfully: antfu.icons-carbon vscode-userdata:/home/xema/.vscode-oss/extensions/extensions.json
