2025-03-12 18:50:41.646 [info] Started local extension host with pid 26344.
2025-03-12 18:50:44.398 [info] [perf] Render performance baseline is 16ms
2025-03-12 18:50:45.167 [error] Error while getting the latest version for the extension ms-vscode.cpptools. Unexpected token '<', "<!DOCTYPE "... is not valid JSON:
<!DOCTYPE html>
<html lang="en">

<head>
    <title>Open VSX Registry</title>
    <meta charset="UTF-8">
    <meta name="viewport" content="width=device-width, initial-scale=1">
    <link rel="stylesheet" href="https://fonts.googleapis.com/css?family=Roboto:300,400,500,700&display=swap" />

    <!-- Google Tag Manager -->
    <script>(function(w,d,s,l,i){w[l]=w[l]||[];w[l].push({'gtm.start':
    new Date().getTime(),event:'gtm.js'});var f=d.getElementsByTagName(s)[0],
    j=d.createElement(s),dl=l!='dataLayer'?'&l='+l:'';j.async=true;j.src=
    'https://www.googletagmanager.com/gtm.js?id='+i+dl;f.parentNode.insertBefore(j,f);
    })(window,document,'script','dataLayer','GTM-5WLCZXC');</script>

    <!-- Eclipse Cookie Consent -->
    <link rel="stylesheet" type="text/css"
        href="//www.eclipse.org/eclipse.org-common/themes/solstice/public/stylesheets/vendor/cookieconsent/cookieconsent.min.css" />
    <script
        src="//www.eclipse.org/eclipse.org-common/themes/solstice/public/javascript/vendor/cookieconsent/default.min.js">
    </script>
    <style>
        a.cc-btn.cc-allow {
            background-color: #c160ef;
        }
        a.cc-btn.cc-allow:hover, a.cc-btn.cc-allow:focus {
            background-color: #444;
        }
        .cc-revoke {
            display: none !important;
        }
        @media (prefers-color-scheme: dark) {
          body {
            background-color: #121212;
          }
        }
    </style>
</head>

<body>
    <!-- Google Tag Manager (noscript) -->
    <noscript><iframe title="Google Tag Manager" src="https://www.googletagmanager.com/ns.html?id=GTM-5WLCZXC" height="0" width="0" style="display:none;visibility:hidden"></iframe></noscript>
    <!-- End Google Tag Manager (noscript) -->
    <div id="main"></div>
    <script src='/bundle.js' ></script>
</body>

</html>

2025-03-12 18:51:33.031 [warning] [backup tracker] suspended, ignoring unregister event file:///home/xema/dev/pwm_box/.vscode/c_cpp_properties.json 
2025-03-12 18:51:33.031 [warning] [backup tracker] suspended, ignoring unregister event file:///home/xema/dev/pwm_box/.pwm_box/lib64/python3.13/site-packages/jupyterlab/tests/mock_packages/package/package.json 
2025-03-12 18:51:33.032 [warning] [backup tracker] suspended, ignoring unregister event file:///home/xema/dev/pwm_box/.pwm_box/lib64/python3.13/site-packages/jupyterlab/tests/mock_packages/interop/provider/package.json 
2025-03-12 18:51:33.032 [warning] [backup tracker] suspended, ignoring unregister event file:///home/xema/dev/pwm_box/.pwm_box/lib64/python3.13/site-packages/jupyterlab/tests/mock_packages/test_no_hyphens/package.json 
2025-03-12 18:51:33.032 [warning] [backup tracker] suspended, ignoring unregister event file:///home/xema/dev/pwm_box/.pwm_box/lib64/python3.13/site-packages/jupyterlab/tests/mock_packages/interop/consumer/package.json 
2025-03-12 18:51:33.032 [warning] [backup tracker] suspended, ignoring unregister event file:///home/xema/dev/pwm_box/.pwm_box/lib64/python3.13/site-packages/jupyterlab/tests/mock_packages/extension/package.json 
2025-03-12 18:51:33.032 [warning] [backup tracker] suspended, ignoring unregister event file:///home/xema/dev/pwm_box/.pwm_box/lib64/python3.13/site-packages/jupyterlab/tests/mock_packages/test-hyphens-underscore/package.json 
2025-03-12 18:51:33.032 [warning] [backup tracker] suspended, ignoring unregister event file:///home/xema/dev/pwm_box/.pwm_box/lib/python3.13/site-packages/jupyterlab/galata/%40jupyterlab/galata-extension/package.json 
2025-03-12 18:51:33.033 [warning] [backup tracker] suspended, ignoring unregister event file:///home/xema/dev/pwm_box/.pwm_box/lib/python3.13/site-packages/jupyterlab/tests/mock_packages/test-hyphens/package.json 
2025-03-12 18:51:33.033 [warning] [backup tracker] suspended, ignoring unregister event file:///home/xema/dev/pwm_box/.pwm_box/lib/python3.13/site-packages/jupyterlab/tests/mock_packages/package/package.json 
2025-03-12 18:51:33.033 [warning] [backup tracker] suspended, ignoring unregister event file:///home/xema/dev/pwm_box/.pwm_box/lib/python3.13/site-packages/jupyterlab/tests/mock_packages/interop/consumer/package.json 
2025-03-12 18:51:33.033 [warning] [backup tracker] suspended, ignoring unregister event file:///home/xema/dev/pwm_box/.pwm_box/lib/python3.13/site-packages/jupyterlab/tests/mock_packages/extension/package.json 
2025-03-12 18:51:33.033 [warning] [backup tracker] suspended, ignoring unregister event file:///home/xema/dev/pwm_box/.pwm_box/lib/python3.13/site-packages/jupyterlab/tests/mock_packages/test-hyphens-underscore/package.json 
2025-03-12 18:51:33.033 [warning] [backup tracker] suspended, ignoring unregister event file:///home/xema/dev/pwm_box/.pwm_box/lib/python3.13/site-packages/jupyterlab/tests/mock_packages/incompat/package.json 
2025-03-12 18:51:33.034 [warning] [backup tracker] suspended, ignoring unregister event file:///home/xema/dev/pwm_box/.pwm_box/share/jupyter/lab/static/package.json 
2025-03-12 18:51:33.412 [info] Started local extension host with pid 26558.
2025-03-12 18:51:36.098 [info] [perf] Render performance baseline is 16ms
2025-03-12 18:51:36.475 [error] Error while getting the latest version for the extension ms-vscode.cpptools. Unexpected token '<', "<!DOCTYPE "... is not valid JSON:
<!DOCTYPE html>
<html lang="en">

<head>
    <title>Open VSX Registry</title>
    <meta charset="UTF-8">
    <meta name="viewport" content="width=device-width, initial-scale=1">
    <link rel="stylesheet" href="https://fonts.googleapis.com/css?family=Roboto:300,400,500,700&display=swap" />

    <!-- Google Tag Manager -->
    <script>(function(w,d,s,l,i){w[l]=w[l]||[];w[l].push({'gtm.start':
    new Date().getTime(),event:'gtm.js'});var f=d.getElementsByTagName(s)[0],
    j=d.createElement(s),dl=l!='dataLayer'?'&l='+l:'';j.async=true;j.src=
    'https://www.googletagmanager.com/gtm.js?id='+i+dl;f.parentNode.insertBefore(j,f);
    })(window,document,'script','dataLayer','GTM-5WLCZXC');</script>

    <!-- Eclipse Cookie Consent -->
    <link rel="stylesheet" type="text/css"
        href="//www.eclipse.org/eclipse.org-common/themes/solstice/public/stylesheets/vendor/cookieconsent/cookieconsent.min.css" />
    <script
        src="//www.eclipse.org/eclipse.org-common/themes/solstice/public/javascript/vendor/cookieconsent/default.min.js">
    </script>
    <style>
        a.cc-btn.cc-allow {
            background-color: #c160ef;
        }
        a.cc-btn.cc-allow:hover, a.cc-btn.cc-allow:focus {
            background-color: #444;
        }
        .cc-revoke {
            display: none !important;
        }
        @media (prefers-color-scheme: dark) {
          body {
            background-color: #121212;
          }
        }
    </style>
</head>

<body>
    <!-- Google Tag Manager (noscript) -->
    <noscript><iframe title="Google Tag Manager" src="https://www.googletagmanager.com/ns.html?id=GTM-5WLCZXC" height="0" width="0" style="display:none;visibility:hidden"></iframe></noscript>
    <!-- End Google Tag Manager (noscript) -->
    <div id="main"></div>
    <script src='/bundle.js' ></script>
</body>

</html>

2025-03-12 18:51:36.607 [error] Error while getting the latest version for the extension trifecta.linux-arduino-intellisense-fix. Unexpected token '<', "<!DOCTYPE "... is not valid JSON:
<!DOCTYPE html>
<html lang="en">

<head>
    <title>Open VSX Registry</title>
    <meta charset="UTF-8">
    <meta name="viewport" content="width=device-width, initial-scale=1">
    <link rel="stylesheet" href="https://fonts.googleapis.com/css?family=Roboto:300,400,500,700&display=swap" />

    <!-- Google Tag Manager -->
    <script>(function(w,d,s,l,i){w[l]=w[l]||[];w[l].push({'gtm.start':
    new Date().getTime(),event:'gtm.js'});var f=d.getElementsByTagName(s)[0],
    j=d.createElement(s),dl=l!='dataLayer'?'&l='+l:'';j.async=true;j.src=
    'https://www.googletagmanager.com/gtm.js?id='+i+dl;f.parentNode.insertBefore(j,f);
    })(window,document,'script','dataLayer','GTM-5WLCZXC');</script>

    <!-- Eclipse Cookie Consent -->
    <link rel="stylesheet" type="text/css"
        href="//www.eclipse.org/eclipse.org-common/themes/solstice/public/stylesheets/vendor/cookieconsent/cookieconsent.min.css" />
    <script
        src="//www.eclipse.org/eclipse.org-common/themes/solstice/public/javascript/vendor/cookieconsent/default.min.js">
    </script>
    <style>
        a.cc-btn.cc-allow {
            background-color: #c160ef;
        }
        a.cc-btn.cc-allow:hover, a.cc-btn.cc-allow:focus {
            background-color: #444;
        }
        .cc-revoke {
            display: none !important;
        }
        @media (prefers-color-scheme: dark) {
          body {
            background-color: #121212;
          }
        }
    </style>
</head>

<body>
    <!-- Google Tag Manager (noscript) -->
    <noscript><iframe title="Google Tag Manager" src="https://www.googletagmanager.com/ns.html?id=GTM-5WLCZXC" height="0" width="0" style="display:none;visibility:hidden"></iframe></noscript>
    <!-- End Google Tag Manager (noscript) -->
    <div id="main"></div>
    <script src='/bundle.js' ></script>
</body>

</html>

2025-03-12 18:54:29.301 [warning] Settings pattern "issueReporter.*" doesn't match any settings
