2025-03-16 12:27:28.930 [info] Started local extension host with pid 1781.
2025-03-16 12:27:32.820 [error] Error while getting the latest version for the extension ms-vscode.cpptools. Unexpected token '<', "<!DOCTYPE "... is not valid JSON:
<!DOCTYPE html>
<html lang="en">

<head>
    <title>Open VSX Registry</title>
    <meta charset="UTF-8">
    <meta name="viewport" content="width=device-width, initial-scale=1">
    <link rel="stylesheet" href="https://fonts.googleapis.com/css?family=Roboto:300,400,500,700&display=swap" />

    <!-- Google Tag Manager -->
    <script>(function(w,d,s,l,i){w[l]=w[l]||[];w[l].push({'gtm.start':
    new Date().getTime(),event:'gtm.js'});var f=d.getElementsByTagName(s)[0],
    j=d.createElement(s),dl=l!='dataLayer'?'&l='+l:'';j.async=true;j.src=
    'https://www.googletagmanager.com/gtm.js?id='+i+dl;f.parentNode.insertBefore(j,f);
    })(window,document,'script','dataLayer','GTM-5WLCZXC');</script>

    <!-- Eclipse Cookie Consent -->
    <link rel="stylesheet" type="text/css"
        href="//www.eclipse.org/eclipse.org-common/themes/solstice/public/stylesheets/vendor/cookieconsent/cookieconsent.min.css" />
    <script
        src="//www.eclipse.org/eclipse.org-common/themes/solstice/public/javascript/vendor/cookieconsent/default.min.js">
    </script>
    <style>
        a.cc-btn.cc-allow {
            background-color: #c160ef;
        }
        a.cc-btn.cc-allow:hover, a.cc-btn.cc-allow:focus {
            background-color: #444;
        }
        .cc-revoke {
            display: none !important;
        }
        @media (prefers-color-scheme: dark) {
          body {
            background-color: #121212;
          }
        }
    </style>
</head>

<body>
    <!-- Google Tag Manager (noscript) -->
    <noscript><iframe title="Google Tag Manager" src="https://www.googletagmanager.com/ns.html?id=GTM-5WLCZXC" height="0" width="0" style="display:none;visibility:hidden"></iframe></noscript>
    <!-- End Google Tag Manager (noscript) -->
    <div id="main"></div>
    <script src='/bundle.js' ></script>
</body>

</html>

2025-03-16 12:27:32.883 [info] [perf] Render performance baseline is 17ms
2025-03-16 12:37:06.506 [warning] Settings pattern "issueReporter.*" doesn't match any settings
2025-03-16 13:10:18.102 [warning] Settings pattern "issueReporter.*" doesn't match any settings
2025-03-16 13:13:03.520 [error] Illegal value for lineNumber: Error: Illegal value for lineNumber
    at Sg.getLineMaxColumn (vscode-file://vscode-app/opt/vscodium-bin/resources/app/out/vs/workbench/workbench.desktop.main.js:253:144)
    at vscode-file://vscode-app/opt/vscodium-bin/resources/app/out/vs/workbench/workbench.desktop.main.js:2001:13639
    at HI._computeFn (vscode-file://vscode-app/opt/vscodium-bin/resources/app/out/vs/workbench/workbench.desktop.main.js:31:26325)
    at HI._recompute (vscode-file://vscode-app/opt/vscodium-bin/resources/app/out/vs/workbench/workbench.desktop.main.js:31:28296)
    at HI.get (vscode-file://vscode-app/opt/vscodium-bin/resources/app/out/vs/workbench/workbench.desktop.main.js:31:27919)
    at HI.reportChanges (vscode-file://vscode-app/opt/vscodium-bin/resources/app/out/vs/workbench/workbench.desktop.main.js:31:17032)
    at nse.endUpdate (vscode-file://vscode-app/opt/vscodium-bin/resources/app/out/vs/workbench/workbench.desktop.main.js:31:24811)
    at HI.endUpdate (vscode-file://vscode-app/opt/vscodium-bin/resources/app/out/vs/workbench/workbench.desktop.main.js:31:29207)
    at UW.finish (vscode-file://vscode-app/opt/vscodium-bin/resources/app/out/vs/workbench/workbench.desktop.main.js:31:19015)
    at Hi (vscode-file://vscode-app/opt/vscodium-bin/resources/app/out/vs/workbench/workbench.desktop.main.js:31:18372)
2025-03-16 13:13:57.151 [error] Illegal value for lineNumber: Error: Illegal value for lineNumber
    at Sg.getLineMaxColumn (vscode-file://vscode-app/opt/vscodium-bin/resources/app/out/vs/workbench/workbench.desktop.main.js:253:144)
    at vscode-file://vscode-app/opt/vscodium-bin/resources/app/out/vs/workbench/workbench.desktop.main.js:2001:13639
    at HI._computeFn (vscode-file://vscode-app/opt/vscodium-bin/resources/app/out/vs/workbench/workbench.desktop.main.js:31:26325)
    at HI._recompute (vscode-file://vscode-app/opt/vscodium-bin/resources/app/out/vs/workbench/workbench.desktop.main.js:31:28296)
    at HI.get (vscode-file://vscode-app/opt/vscodium-bin/resources/app/out/vs/workbench/workbench.desktop.main.js:31:27919)
    at HI.reportChanges (vscode-file://vscode-app/opt/vscodium-bin/resources/app/out/vs/workbench/workbench.desktop.main.js:31:17032)
    at nse.endUpdate (vscode-file://vscode-app/opt/vscodium-bin/resources/app/out/vs/workbench/workbench.desktop.main.js:31:24811)
    at HI.endUpdate (vscode-file://vscode-app/opt/vscodium-bin/resources/app/out/vs/workbench/workbench.desktop.main.js:31:29207)
    at UW.finish (vscode-file://vscode-app/opt/vscodium-bin/resources/app/out/vs/workbench/workbench.desktop.main.js:31:19015)
    at Hi (vscode-file://vscode-app/opt/vscodium-bin/resources/app/out/vs/workbench/workbench.desktop.main.js:31:18372)
2025-03-16 13:35:32.337 [error] Illegal value for lineNumber: Error: Illegal value for lineNumber
    at Sg.getLineMaxColumn (vscode-file://vscode-app/opt/vscodium-bin/resources/app/out/vs/workbench/workbench.desktop.main.js:253:144)
    at vscode-file://vscode-app/opt/vscodium-bin/resources/app/out/vs/workbench/workbench.desktop.main.js:2001:13639
    at HI._computeFn (vscode-file://vscode-app/opt/vscodium-bin/resources/app/out/vs/workbench/workbench.desktop.main.js:31:26325)
    at HI._recompute (vscode-file://vscode-app/opt/vscodium-bin/resources/app/out/vs/workbench/workbench.desktop.main.js:31:28296)
    at HI.get (vscode-file://vscode-app/opt/vscodium-bin/resources/app/out/vs/workbench/workbench.desktop.main.js:31:27919)
    at HI.reportChanges (vscode-file://vscode-app/opt/vscodium-bin/resources/app/out/vs/workbench/workbench.desktop.main.js:31:17032)
    at nse.endUpdate (vscode-file://vscode-app/opt/vscodium-bin/resources/app/out/vs/workbench/workbench.desktop.main.js:31:24811)
    at HI.endUpdate (vscode-file://vscode-app/opt/vscodium-bin/resources/app/out/vs/workbench/workbench.desktop.main.js:31:29207)
    at UW.finish (vscode-file://vscode-app/opt/vscodium-bin/resources/app/out/vs/workbench/workbench.desktop.main.js:31:19015)
    at Hi (vscode-file://vscode-app/opt/vscodium-bin/resources/app/out/vs/workbench/workbench.desktop.main.js:31:18372)
