2025-03-12 11:15:15.809 [info] Started local extension host with pid 11691.
2025-03-12 11:15:18.443 [info] [perf] Render performance baseline is 16ms
2025-03-12 11:16:58.554 [info] Started local extension host with pid 11832.
2025-03-12 11:17:01.177 [info] [perf] Render performance baseline is 15ms
2025-03-12 11:17:28.948 [warning] Settings pattern "issueReporter.*" doesn't match any settings
2025-03-12 11:17:35.691 [warning] Settings pattern "issueReporter.*" doesn't match any settings
2025-03-12 11:17:36.860 [warning] Settings pattern "issueReporter.*" doesn't match any settings
2025-03-12 11:17:57.594 [warning] Settings pattern "issueReporter.*" doesn't match any settings
2025-03-12 11:18:01.804 [warning] Settings pattern "issueReporter.*" doesn't match any settings
2025-03-12 11:18:06.250 [warning] Settings pattern "issueReporter.*" doesn't match any settings
2025-03-12 11:18:35.335 [warning] Settings pattern "issueReporter.*" doesn't match any settings
2025-03-12 11:18:38.104 [warning] Settings pattern "issueReporter.*" doesn't match any settings
2025-03-12 11:19:09.677 [warning] Settings pattern "issueReporter.*" doesn't match any settings
2025-03-12 11:20:25.330 [warning] Settings pattern "issueReporter.*" doesn't match any settings
2025-03-12 11:20:58.894 [warning] Settings pattern "issueReporter.*" doesn't match any settings
2025-03-12 11:21:11.879 [warning] Settings pattern "issueReporter.*" doesn't match any settings
2025-03-12 11:21:17.684 [warning] Settings pattern "issueReporter.*" doesn't match any settings
2025-03-12 11:21:22.912 [warning] Settings pattern "issueReporter.*" doesn't match any settings
2025-03-12 11:21:28.348 [warning] Settings pattern "issueReporter.*" doesn't match any settings
2025-03-12 11:21:41.779 [warning] Settings pattern "issueReporter.*" doesn't match any settings
2025-03-12 11:23:00.255 [warning] Settings pattern "issueReporter.*" doesn't match any settings
2025-03-12 11:23:19.190 [warning] Settings pattern "issueReporter.*" doesn't match any settings
2025-03-12 11:24:05.593 [warning] Settings pattern "issueReporter.*" doesn't match any settings
2025-03-12 11:27:21.204 [error] No default agent contributed: CodeExpectedError: No default agent contributed
    at BQe.initializeSession (vscode-file://vscode-app/opt/vscodium-bin/resources/app/out/vs/workbench/workbench.desktop.main.js:1960:29979)
