2025-03-16 12:27:30.287 [info] [main] Log level: Info
2025-03-16 12:27:30.287 [info] [main] Validating found git in: "git"
2025-03-16 12:27:30.287 [info] [main] Using git "2.49.0" from "git"
2025-03-16 12:27:30.287 [info] [Model][doInitialScan] Initial repository scan started
2025-03-16 12:27:30.287 [info] > git rev-parse --show-toplevel [6ms]
2025-03-16 12:27:30.287 [info] fatal: not a git repository (or any of the parent directories): .git
2025-03-16 12:27:30.287 [info] > git rev-parse --show-toplevel [66ms]
2025-03-16 12:27:30.287 [info] fatal: not a git repository (or any of the parent directories): .git
2025-03-16 12:27:30.293 [info] > git rev-parse --show-toplevel [1ms]
2025-03-16 12:27:30.293 [info] fatal: not a git repository (or any of the parent directories): .git
2025-03-16 12:27:30.298 [info] > git rev-parse --show-toplevel [2ms]
2025-03-16 12:27:30.298 [info] fatal: not a git repository (or any of the parent directories): .git
2025-03-16 12:27:30.302 [info] > git rev-parse --show-toplevel [1ms]
2025-03-16 12:27:30.302 [info] fatal: not a git repository (or any of the parent directories): .git
2025-03-16 12:27:30.306 [info] > git rev-parse --show-toplevel [2ms]
2025-03-16 12:27:30.306 [info] fatal: not a git repository (or any of the parent directories): .git
2025-03-16 12:27:30.309 [info] > git rev-parse --show-toplevel [0ms]
2025-03-16 12:27:30.309 [info] fatal: not a git repository (or any of the parent directories): .git
2025-03-16 12:27:30.313 [info] > git rev-parse --show-toplevel [1ms]
2025-03-16 12:27:30.313 [info] fatal: not a git repository (or any of the parent directories): .git
2025-03-16 12:27:30.313 [info] [Model][doInitialScan] Initial repository scan completed - repositories (0), closed repositories (0), parent repositories (0), unsafe repositories (0)
2025-03-16 12:27:31.968 [info] > git rev-parse --show-toplevel [3ms]
2025-03-16 12:27:31.968 [info] fatal: not a git repository (or any of the parent directories): .git
2025-03-16 12:28:42.703 [info] > git rev-parse --show-toplevel [3ms]
2025-03-16 12:28:42.703 [info] fatal: not a git repository (or any of the parent directories): .git
2025-03-16 12:30:12.421 [info] > git rev-parse --show-toplevel [1ms]
2025-03-16 12:30:12.421 [info] fatal: not a git repository (or any of the parent directories): .git
2025-03-16 12:30:36.527 [info] > git rev-parse --show-toplevel [1ms]
2025-03-16 12:30:36.527 [info] fatal: not a git repository (or any of the parent directories): .git
2025-03-16 12:30:37.058 [info] > git rev-parse --show-toplevel [1ms]
2025-03-16 12:30:37.058 [info] fatal: not a git repository (or any of the parent directories): .git
2025-03-16 12:30:37.871 [info] > git rev-parse --show-toplevel [2ms]
2025-03-16 12:30:37.871 [info] fatal: not a git repository (or any of the parent directories): .git
2025-03-16 12:30:47.996 [info] > git rev-parse --show-toplevel [2ms]
2025-03-16 12:30:47.996 [info] fatal: not a git repository (or any of the parent directories): .git
2025-03-16 12:31:40.714 [info] > git rev-parse --show-toplevel [2ms]
2025-03-16 12:31:40.714 [info] fatal: not a git repository (or any of the parent directories): .git
2025-03-16 12:31:50.413 [info] > git rev-parse --show-toplevel [2ms]
2025-03-16 12:31:50.413 [info] fatal: not a git repository (or any of the parent directories): .git
2025-03-16 12:31:52.444 [info] > git rev-parse --show-toplevel [2ms]
2025-03-16 12:31:52.444 [info] fatal: not a git repository (or any of the parent directories): .git
2025-03-16 12:31:57.291 [info] > git rev-parse --show-toplevel [2ms]
2025-03-16 12:31:57.291 [info] fatal: not a git repository (or any of the parent directories): .git
2025-03-16 12:31:58.587 [info] > git rev-parse --show-toplevel [2ms]
2025-03-16 12:31:58.587 [info] fatal: not a git repository (or any of the parent directories): .git
2025-03-16 12:32:01.161 [info] > git rev-parse --show-toplevel [2ms]
2025-03-16 12:32:01.161 [info] fatal: not a git repository (or any of the parent directories): .git
2025-03-16 12:32:04.053 [info] > git rev-parse --show-toplevel [1ms]
2025-03-16 12:32:04.053 [info] fatal: not a git repository (or any of the parent directories): .git
2025-03-16 12:32:04.057 [info] > git rev-parse --show-toplevel [0ms]
2025-03-16 12:32:04.057 [info] fatal: not a git repository (or any of the parent directories): .git
2025-03-16 12:32:09.835 [info] > git rev-parse --show-toplevel [1ms]
2025-03-16 12:32:09.835 [info] fatal: not a git repository (or any of the parent directories): .git
2025-03-16 12:32:09.843 [info] > git rev-parse --show-toplevel [1ms]
2025-03-16 12:32:09.843 [info] fatal: not a git repository (or any of the parent directories): .git
2025-03-16 12:32:55.766 [info] > git rev-parse --show-toplevel [2ms]
2025-03-16 12:32:55.766 [info] fatal: not a git repository (or any of the parent directories): .git
2025-03-16 12:33:07.452 [info] > git rev-parse --show-toplevel [1ms]
2025-03-16 12:33:07.453 [info] fatal: not a git repository (or any of the parent directories): .git
2025-03-16 12:34:56.097 [info] > git rev-parse --show-toplevel [2ms]
2025-03-16 12:34:56.097 [info] fatal: not a git repository (or any of the parent directories): .git
2025-03-16 12:35:13.460 [info] > git rev-parse --show-toplevel [2ms]
2025-03-16 12:35:13.460 [info] fatal: not a git repository (or any of the parent directories): .git
2025-03-16 12:36:27.298 [info] > git rev-parse --show-toplevel [2ms]
2025-03-16 12:36:27.298 [info] fatal: not a git repository (or any of the parent directories): .git
2025-03-16 12:36:28.951 [info] > git rev-parse --show-toplevel [1ms]
2025-03-16 12:36:28.951 [info] fatal: not a git repository (or any of the parent directories): .git
2025-03-16 12:36:29.030 [info] > git rev-parse --show-toplevel [2ms]
2025-03-16 12:36:29.030 [info] fatal: not a git repository (or any of the parent directories): .git
2025-03-16 12:36:30.070 [info] > git rev-parse --show-toplevel [2ms]
2025-03-16 12:36:30.070 [info] fatal: not a git repository (or any of the parent directories): .git
2025-03-16 12:37:00.771 [info] > git rev-parse --show-toplevel [1ms]
2025-03-16 12:37:00.771 [info] fatal: not a git repository (or any of the parent directories): .git
2025-03-16 12:37:07.826 [info] > git rev-parse --show-toplevel [1ms]
2025-03-16 12:37:07.826 [info] fatal: not a git repository (or any of the parent directories): .git
2025-03-16 12:37:16.480 [info] > git rev-parse --show-toplevel [2ms]
2025-03-16 12:37:16.480 [info] fatal: not a git repository (or any of the parent directories): .git
2025-03-16 12:37:27.150 [info] > git rev-parse --show-toplevel [2ms]
2025-03-16 12:37:27.150 [info] fatal: not a git repository (or any of the parent directories): .git
2025-03-16 12:37:31.793 [info] > git rev-parse --show-toplevel [2ms]
2025-03-16 12:37:31.793 [info] fatal: not a git repository (or any of the parent directories): .git
2025-03-16 12:37:33.486 [info] > git rev-parse --show-toplevel [1ms]
2025-03-16 12:37:33.486 [info] fatal: not a git repository (or any of the parent directories): .git
2025-03-16 12:37:37.442 [info] > git rev-parse --show-toplevel [1ms]
2025-03-16 12:37:37.442 [info] fatal: not a git repository (or any of the parent directories): .git
2025-03-16 12:37:38.164 [info] > git rev-parse --show-toplevel [2ms]
2025-03-16 12:37:38.164 [info] fatal: not a git repository (or any of the parent directories): .git
2025-03-16 12:37:44.906 [info] > git rev-parse --show-toplevel [2ms]
2025-03-16 12:37:44.906 [info] fatal: not a git repository (or any of the parent directories): .git
2025-03-16 12:37:45.701 [info] > git rev-parse --show-toplevel [2ms]
2025-03-16 12:37:45.701 [info] fatal: not a git repository (or any of the parent directories): .git
2025-03-16 12:37:48.255 [info] > git rev-parse --show-toplevel [2ms]
2025-03-16 12:37:48.255 [info] fatal: not a git repository (or any of the parent directories): .git
2025-03-16 12:37:49.597 [info] > git rev-parse --show-toplevel [1ms]
2025-03-16 12:37:49.597 [info] fatal: not a git repository (or any of the parent directories): .git
2025-03-16 12:37:52.600 [info] > git rev-parse --show-toplevel [1ms]
2025-03-16 12:37:52.600 [info] fatal: not a git repository (or any of the parent directories): .git
2025-03-16 12:37:54.348 [info] > git rev-parse --show-toplevel [1ms]
2025-03-16 12:37:54.348 [info] fatal: not a git repository (or any of the parent directories): .git
2025-03-16 12:38:24.108 [info] > git rev-parse --show-toplevel [1ms]
2025-03-16 12:38:24.108 [info] fatal: not a git repository (or any of the parent directories): .git
2025-03-16 12:38:25.652 [info] > git rev-parse --show-toplevel [1ms]
2025-03-16 12:38:25.652 [info] fatal: not a git repository (or any of the parent directories): .git
2025-03-16 12:38:26.799 [info] > git rev-parse --show-toplevel [1ms]
2025-03-16 12:38:26.799 [info] fatal: not a git repository (or any of the parent directories): .git
2025-03-16 12:38:28.821 [info] > git rev-parse --show-toplevel [1ms]
2025-03-16 12:38:28.821 [info] fatal: not a git repository (or any of the parent directories): .git
2025-03-16 12:38:40.273 [info] > git rev-parse --show-toplevel [2ms]
2025-03-16 12:38:40.273 [info] fatal: not a git repository (or any of the parent directories): .git
2025-03-16 12:38:41.034 [info] > git rev-parse --show-toplevel [2ms]
2025-03-16 12:38:41.034 [info] fatal: not a git repository (or any of the parent directories): .git
2025-03-16 12:41:37.739 [info] > git rev-parse --show-toplevel [1ms]
2025-03-16 12:41:37.739 [info] fatal: not a git repository (or any of the parent directories): .git
2025-03-16 12:41:41.181 [info] > git rev-parse --show-toplevel [1ms]
2025-03-16 12:41:41.181 [info] fatal: not a git repository (or any of the parent directories): .git
2025-03-16 12:41:42.269 [info] > git rev-parse --show-toplevel [1ms]
2025-03-16 12:41:42.269 [info] fatal: not a git repository (or any of the parent directories): .git
2025-03-16 12:43:33.484 [info] > git rev-parse --show-toplevel [1ms]
2025-03-16 12:43:33.484 [info] fatal: not a git repository (or any of the parent directories): .git
2025-03-16 12:43:33.491 [info] > git rev-parse --show-toplevel [1ms]
2025-03-16 12:43:33.491 [info] fatal: not a git repository (or any of the parent directories): .git
2025-03-16 12:43:48.250 [info] > git rev-parse --show-toplevel [2ms]
2025-03-16 12:43:48.250 [info] fatal: not a git repository (or any of the parent directories): .git
2025-03-16 12:44:11.267 [info] > git rev-parse --show-toplevel [1ms]
2025-03-16 12:44:11.267 [info] fatal: not a git repository (or any of the parent directories): .git
2025-03-16 12:44:28.584 [info] > git rev-parse --show-toplevel [1ms]
2025-03-16 12:44:28.584 [info] fatal: not a git repository (or any of the parent directories): .git
2025-03-16 12:44:57.412 [info] > git rev-parse --show-toplevel [1ms]
2025-03-16 12:44:57.412 [info] fatal: not a git repository (or any of the parent directories): .git
2025-03-16 12:48:13.258 [info] > git rev-parse --show-toplevel [1ms]
2025-03-16 12:48:13.258 [info] fatal: not a git repository (or any of the parent directories): .git
2025-03-16 12:48:35.102 [info] > git rev-parse --show-toplevel [1ms]
2025-03-16 12:48:35.102 [info] fatal: not a git repository (or any of the parent directories): .git
2025-03-16 12:48:37.767 [info] > git rev-parse --show-toplevel [2ms]
2025-03-16 12:48:37.767 [info] fatal: not a git repository (or any of the parent directories): .git
2025-03-16 12:48:40.372 [info] > git rev-parse --show-toplevel [1ms]
2025-03-16 12:48:40.372 [info] fatal: not a git repository (or any of the parent directories): .git
2025-03-16 12:48:42.134 [info] > git rev-parse --show-toplevel [1ms]
2025-03-16 12:48:42.134 [info] fatal: not a git repository (or any of the parent directories): .git
2025-03-16 12:48:55.096 [info] > git rev-parse --show-toplevel [1ms]
2025-03-16 12:48:55.096 [info] fatal: not a git repository (or any of the parent directories): .git
2025-03-16 12:49:08.934 [info] > git rev-parse --show-toplevel [1ms]
2025-03-16 12:49:08.934 [info] fatal: not a git repository (or any of the parent directories): .git
2025-03-16 12:49:35.225 [info] > git rev-parse --show-toplevel [1ms]
2025-03-16 12:49:35.225 [info] fatal: not a git repository (or any of the parent directories): .git
2025-03-16 12:50:09.527 [info] > git rev-parse --show-toplevel [1ms]
2025-03-16 12:50:09.527 [info] fatal: not a git repository (or any of the parent directories): .git
2025-03-16 12:50:09.531 [info] > git rev-parse --show-toplevel [0ms]
2025-03-16 12:50:09.531 [info] fatal: not a git repository (or any of the parent directories): .git
2025-03-16 12:50:14.118 [info] > git rev-parse --show-toplevel [1ms]
2025-03-16 12:50:14.118 [info] fatal: not a git repository (or any of the parent directories): .git
2025-03-16 12:50:14.122 [info] > git rev-parse --show-toplevel [0ms]
2025-03-16 12:50:14.122 [info] fatal: not a git repository (or any of the parent directories): .git
2025-03-16 12:50:24.131 [info] > git rev-parse --show-toplevel [0ms]
2025-03-16 12:50:24.131 [info] fatal: not a git repository (or any of the parent directories): .git
2025-03-16 12:51:10.788 [info] > git rev-parse --show-toplevel [1ms]
2025-03-16 12:51:10.788 [info] fatal: not a git repository (or any of the parent directories): .git
2025-03-16 12:51:13.496 [info] > git rev-parse --show-toplevel [1ms]
2025-03-16 12:51:13.496 [info] fatal: not a git repository (or any of the parent directories): .git
2025-03-16 12:57:02.321 [info] > git rev-parse --show-toplevel [1ms]
2025-03-16 12:57:02.321 [info] fatal: not a git repository (or any of the parent directories): .git
2025-03-16 12:57:03.808 [info] > git rev-parse --show-toplevel [2ms]
2025-03-16 12:57:03.808 [info] fatal: not a git repository (or any of the parent directories): .git
2025-03-16 12:58:13.184 [info] > git rev-parse --show-toplevel [1ms]
2025-03-16 12:58:13.184 [info] fatal: not a git repository (or any of the parent directories): .git
2025-03-16 12:58:15.659 [info] > git rev-parse --show-toplevel [1ms]
2025-03-16 12:58:15.659 [info] fatal: not a git repository (or any of the parent directories): .git
2025-03-16 12:58:17.183 [info] > git rev-parse --show-toplevel [2ms]
2025-03-16 12:58:17.183 [info] fatal: not a git repository (or any of the parent directories): .git
2025-03-16 13:00:08.658 [info] > git rev-parse --show-toplevel [2ms]
2025-03-16 13:00:08.658 [info] fatal: not a git repository (or any of the parent directories): .git
2025-03-16 13:00:23.955 [info] > git rev-parse --show-toplevel [2ms]
2025-03-16 13:00:23.955 [info] fatal: not a git repository (or any of the parent directories): .git
2025-03-16 13:02:12.077 [info] > git rev-parse --show-toplevel [2ms]
2025-03-16 13:02:12.077 [info] fatal: not a git repository (or any of the parent directories): .git
2025-03-16 13:03:07.200 [info] > git rev-parse --show-toplevel [1ms]
2025-03-16 13:03:07.200 [info] fatal: not a git repository (or any of the parent directories): .git
2025-03-16 13:03:09.168 [info] > git rev-parse --show-toplevel [2ms]
2025-03-16 13:03:09.168 [info] fatal: not a git repository (or any of the parent directories): .git
2025-03-16 13:03:11.391 [info] > git rev-parse --show-toplevel [1ms]
2025-03-16 13:03:11.391 [info] fatal: not a git repository (or any of the parent directories): .git
2025-03-16 13:03:12.455 [info] > git rev-parse --show-toplevel [1ms]
2025-03-16 13:03:12.455 [info] fatal: not a git repository (or any of the parent directories): .git
2025-03-16 13:03:13.408 [info] > git rev-parse --show-toplevel [1ms]
2025-03-16 13:03:13.408 [info] fatal: not a git repository (or any of the parent directories): .git
2025-03-16 13:03:15.162 [info] > git rev-parse --show-toplevel [1ms]
2025-03-16 13:03:15.162 [info] fatal: not a git repository (or any of the parent directories): .git
2025-03-16 13:04:55.311 [info] > git rev-parse --show-toplevel [2ms]
2025-03-16 13:04:55.311 [info] fatal: not a git repository (or any of the parent directories): .git
2025-03-16 13:05:06.727 [info] > git rev-parse --show-toplevel [1ms]
2025-03-16 13:05:06.727 [info] fatal: not a git repository (or any of the parent directories): .git
2025-03-16 13:05:10.811 [info] > git rev-parse --show-toplevel [2ms]
2025-03-16 13:05:10.811 [info] fatal: not a git repository (or any of the parent directories): .git
2025-03-16 13:05:14.673 [info] > git rev-parse --show-toplevel [1ms]
2025-03-16 13:05:14.674 [info] fatal: not a git repository (or any of the parent directories): .git
2025-03-16 13:05:23.787 [info] > git rev-parse --show-toplevel [2ms]
2025-03-16 13:05:23.787 [info] fatal: not a git repository (or any of the parent directories): .git
2025-03-16 13:05:24.296 [info] > git rev-parse --show-toplevel [2ms]
2025-03-16 13:05:24.296 [info] fatal: not a git repository (or any of the parent directories): .git
2025-03-16 13:06:31.519 [info] > git rev-parse --show-toplevel [2ms]
2025-03-16 13:06:31.519 [info] fatal: not a git repository (or any of the parent directories): .git
2025-03-16 13:06:32.818 [info] > git rev-parse --show-toplevel [2ms]
2025-03-16 13:06:32.818 [info] fatal: not a git repository (or any of the parent directories): .git
2025-03-16 13:06:33.504 [info] > git rev-parse --show-toplevel [1ms]
2025-03-16 13:06:33.504 [info] fatal: not a git repository (or any of the parent directories): .git
2025-03-16 13:06:36.693 [info] > git rev-parse --show-toplevel [2ms]
2025-03-16 13:06:36.693 [info] fatal: not a git repository (or any of the parent directories): .git
2025-03-16 13:06:50.027 [info] > git rev-parse --show-toplevel [1ms]
2025-03-16 13:06:50.027 [info] fatal: not a git repository (or any of the parent directories): .git
2025-03-16 13:10:23.682 [info] > git rev-parse --show-toplevel [1ms]
2025-03-16 13:10:23.682 [info] fatal: not a git repository (or any of the parent directories): .git
2025-03-16 13:10:24.388 [info] > git rev-parse --show-toplevel [1ms]
2025-03-16 13:10:24.388 [info] fatal: not a git repository (or any of the parent directories): .git
2025-03-16 13:10:30.358 [info] > git rev-parse --show-toplevel [1ms]
2025-03-16 13:10:30.358 [info] fatal: not a git repository (or any of the parent directories): .git
2025-03-16 13:13:16.565 [info] > git rev-parse --show-toplevel [2ms]
2025-03-16 13:13:16.565 [info] fatal: not a git repository (or any of the parent directories): .git
2025-03-16 13:13:17.762 [info] > git rev-parse --show-toplevel [2ms]
2025-03-16 13:13:17.762 [info] fatal: not a git repository (or any of the parent directories): .git
2025-03-16 13:14:01.910 [info] > git rev-parse --show-toplevel [1ms]
2025-03-16 13:14:01.910 [info] fatal: not a git repository (or any of the parent directories): .git
2025-03-16 13:14:04.928 [info] > git rev-parse --show-toplevel [1ms]
2025-03-16 13:14:04.928 [info] fatal: not a git repository (or any of the parent directories): .git
2025-03-16 13:14:10.583 [info] > git rev-parse --show-toplevel [1ms]
2025-03-16 13:14:10.583 [info] fatal: not a git repository (or any of the parent directories): .git
2025-03-16 13:16:33.960 [info] > git rev-parse --show-toplevel [1ms]
2025-03-16 13:16:33.960 [info] fatal: not a git repository (or any of the parent directories): .git
2025-03-16 13:16:34.319 [info] > git rev-parse --show-toplevel [1ms]
2025-03-16 13:16:34.319 [info] fatal: not a git repository (or any of the parent directories): .git
2025-03-16 13:25:24.762 [info] > git rev-parse --show-toplevel [1ms]
2025-03-16 13:25:24.762 [info] fatal: not a git repository (or any of the parent directories): .git
2025-03-16 13:25:28.908 [info] > git rev-parse --show-toplevel [1ms]
2025-03-16 13:25:28.908 [info] fatal: not a git repository (or any of the parent directories): .git
2025-03-16 13:25:32.788 [info] > git rev-parse --show-toplevel [2ms]
2025-03-16 13:25:32.788 [info] fatal: not a git repository (or any of the parent directories): .git
2025-03-16 13:25:37.099 [info] > git rev-parse --show-toplevel [1ms]
2025-03-16 13:25:37.099 [info] fatal: not a git repository (or any of the parent directories): .git
2025-03-16 13:25:39.978 [info] > git rev-parse --show-toplevel [1ms]
2025-03-16 13:25:39.978 [info] fatal: not a git repository (or any of the parent directories): .git
2025-03-16 13:25:44.731 [info] > git rev-parse --show-toplevel [1ms]
2025-03-16 13:25:44.731 [info] fatal: not a git repository (or any of the parent directories): .git
2025-03-16 13:26:04.094 [info] > git rev-parse --show-toplevel [2ms]
2025-03-16 13:26:04.094 [info] fatal: not a git repository (or any of the parent directories): .git
2025-03-16 13:26:12.601 [info] > git rev-parse --show-toplevel [2ms]
2025-03-16 13:26:12.601 [info] fatal: not a git repository (or any of the parent directories): .git
2025-03-16 13:26:23.342 [info] > git rev-parse --show-toplevel [1ms]
2025-03-16 13:26:23.342 [info] fatal: not a git repository (or any of the parent directories): .git
2025-03-16 13:26:28.943 [info] > git rev-parse --show-toplevel [2ms]
2025-03-16 13:26:28.943 [info] fatal: not a git repository (or any of the parent directories): .git
2025-03-16 13:26:34.029 [info] > git rev-parse --show-toplevel [1ms]
2025-03-16 13:26:34.029 [info] fatal: not a git repository (or any of the parent directories): .git
2025-03-16 13:27:55.919 [info] > git rev-parse --show-toplevel [1ms]
2025-03-16 13:27:55.919 [info] fatal: not a git repository (or any of the parent directories): .git
2025-03-16 13:27:57.993 [info] > git rev-parse --show-toplevel [1ms]
2025-03-16 13:27:57.993 [info] fatal: not a git repository (or any of the parent directories): .git
2025-03-16 13:27:59.683 [info] > git rev-parse --show-toplevel [1ms]
2025-03-16 13:27:59.683 [info] fatal: not a git repository (or any of the parent directories): .git
2025-03-16 13:28:01.985 [info] > git rev-parse --show-toplevel [1ms]
2025-03-16 13:28:01.985 [info] fatal: not a git repository (or any of the parent directories): .git
2025-03-16 13:28:04.901 [info] > git rev-parse --show-toplevel [2ms]
2025-03-16 13:28:04.901 [info] fatal: not a git repository (or any of the parent directories): .git
2025-03-16 13:28:06.672 [info] > git rev-parse --show-toplevel [2ms]
2025-03-16 13:28:06.672 [info] fatal: not a git repository (or any of the parent directories): .git
2025-03-16 13:39:31.297 [info] > git rev-parse --show-toplevel [1ms]
2025-03-16 13:39:31.297 [info] fatal: not a git repository (or any of the parent directories): .git
2025-03-16 13:39:35.942 [info] > git rev-parse --show-toplevel [1ms]
2025-03-16 13:39:35.942 [info] fatal: not a git repository (or any of the parent directories): .git
2025-03-16 13:43:55.643 [info] > git rev-parse --show-toplevel [1ms]
2025-03-16 13:43:55.643 [info] fatal: not a git repository (or any of the parent directories): .git
2025-03-16 13:43:59.185 [info] > git rev-parse --show-toplevel [1ms]
2025-03-16 13:43:59.185 [info] fatal: not a git repository (or any of the parent directories): .git
2025-03-16 13:47:49.041 [info] > git rev-parse --show-toplevel [1ms]
2025-03-16 13:47:49.041 [info] fatal: not a git repository (or any of the parent directories): .git
2025-03-16 13:48:03.091 [info] > git rev-parse --show-toplevel [2ms]
2025-03-16 13:48:03.091 [info] fatal: not a git repository (or any of the parent directories): .git
2025-03-16 13:48:09.322 [info] > git rev-parse --show-toplevel [1ms]
2025-03-16 13:48:09.322 [info] fatal: not a git repository (or any of the parent directories): .git
2025-03-16 13:48:45.267 [info] > git rev-parse --show-toplevel [1ms]
2025-03-16 13:48:45.267 [info] fatal: not a git repository (or any of the parent directories): .git
2025-03-16 13:48:53.951 [info] > git rev-parse --show-toplevel [1ms]
2025-03-16 13:48:53.951 [info] fatal: not a git repository (or any of the parent directories): .git
2025-03-16 13:49:00.301 [info] > git rev-parse --show-toplevel [1ms]
2025-03-16 13:49:00.301 [info] fatal: not a git repository (or any of the parent directories): .git
2025-03-16 13:49:48.791 [info] > git rev-parse --show-toplevel [1ms]
2025-03-16 13:49:48.791 [info] fatal: not a git repository (or any of the parent directories): .git
2025-03-16 13:50:08.923 [info] > git rev-parse --show-toplevel [1ms]
2025-03-16 13:50:08.923 [info] fatal: not a git repository (or any of the parent directories): .git
2025-03-16 13:50:10.375 [info] > git rev-parse --show-toplevel [1ms]
2025-03-16 13:50:10.375 [info] fatal: not a git repository (or any of the parent directories): .git
2025-03-16 13:50:17.780 [info] > git rev-parse --show-toplevel [1ms]
2025-03-16 13:50:17.780 [info] fatal: not a git repository (or any of the parent directories): .git
2025-03-16 13:50:43.644 [info] > git rev-parse --show-toplevel [1ms]
2025-03-16 13:50:43.644 [info] fatal: not a git repository (or any of the parent directories): .git
2025-03-16 13:50:46.077 [info] > git rev-parse --show-toplevel [1ms]
2025-03-16 13:50:46.077 [info] fatal: not a git repository (or any of the parent directories): .git
2025-03-16 13:50:50.426 [info] > git rev-parse --show-toplevel [2ms]
2025-03-16 13:50:50.426 [info] fatal: not a git repository (or any of the parent directories): .git
2025-03-16 13:51:30.824 [info] > git rev-parse --show-toplevel [1ms]
2025-03-16 13:51:30.824 [info] fatal: not a git repository (or any of the parent directories): .git
